<?xml version="1.0" encoding="utf-8"?><testsuite errors="0" failures="11" name="pytest" skips="0" tests="183" time="13.907"><testcase classname="test_submit" file="test_submit.py" line="8" name="test_826" time="0.005239725112915039"></testcase><testcase classname="test_submit" file="test_submit.py" line="12" name="test_1376" time="0.006011247634887695"></testcase><testcase classname="test_submit" file="test_submit.py" line="16" name="test_1565" time="0.0062487125396728516"></testcase><testcase classname="test_submit" file="test_submit.py" line="24" name="test_2725" time="0.009766817092895508"></testcase><testcase classname="test_submit" file="test_submit.py" line="28" name="test_2655" time="0.028040170669555664"></testcase><testcase classname="test_submit" file="test_submit.py" line="32" name="test_2500" time="0.003983497619628906"></testcase><testcase classname="test_submit" file="test_submit.py" line="40" name="test_1763" time="0.0"></testcase><testcase classname="test_submit" file="test_submit.py" line="44" name="test_168" time="0.0"></testcase><testcase classname="test_submit" file="test_submit.py" line="56" name="test_1304" time="0.0030069351196289062"></testcase><testcase classname="test_submit" file="test_submit.py" line="60" name="test_2600" time="0.006986379623413086"></testcase><testcase classname="test_submit" file="test_submit.py" line="64" name="test_296" time="0.005315303802490234"></testcase><testcase classname="test_submit" file="test_submit.py" line="68" name="test_1466" time="0.013526678085327148"></testcase><testcase classname="test_submit" file="test_submit.py" line="72" name="test_1076" time="0.005380868911743164"></testcase><testcase classname="test_submit" file="test_submit.py" line="76" name="test_1271" time="0.006361722946166992"></testcase><testcase classname="test_submit" file="test_submit.py" line="96" name="test_2785" time="0.011279821395874023"></testcase><testcase classname="test_submit" file="test_submit.py" line="104" name="test_2895" time="0.016289710998535156"></testcase><testcase classname="test_submit" file="test_submit.py" line="108" name="test_1394" time="0.008016824722290039"></testcase><testcase classname="test_submit" file="test_submit.py" line="112" name="test_2465" time="0.008586883544921875"></testcase><testcase classname="test_submit" file="test_submit.py" line="120" name="test_2730" time="0.006011962890625"></testcase><testcase classname="test_submit" file="test_submit.py" line="124" name="test_2620" time="0.004926443099975586"></testcase><testcase classname="test_submit" file="test_submit.py" line="128" name="test_2340" time="0.006141185760498047"></testcase><testcase classname="test_submit" file="test_submit.py" line="140" name="test_252" time="0.004544973373413086"></testcase><testcase classname="test_submit" file="test_submit.py" line="144" name="test_1085" time="0.005052089691162109"></testcase><testcase classname="test_submit" file="test_submit.py" line="152" name="test_1781" time="0.007016181945800781"></testcase><testcase classname="test_submit" file="test_submit.py" line="160" name="test_2160" time="0.004228115081787109"></testcase><testcase classname="test_submit" file="test_submit.py" line="168" name="test_2210" time="0.008901834487915039"></testcase><testcase classname="test_submit" file="test_submit.py" line="172" name="test_2590" time="0.03451371192932129"><failure message="assert None
 +  where None = &lt;built-in method get of dict object at 0x040312A8&gt;(&apos;shelved&apos;)
 +    where &lt;built-in method get of dict object at 0x040312A8&gt; = {&apos;agent_id&apos;: {&apos;type&apos;: &apos;number&apos;}, &apos;date&apos;: {&apos;type&apos;: &apos;datetime-only&apos;}, &apos;event_id&apos;: {&apos;type&apos;: &apos;number&apos;}, &apos;level&apos;: {&apos;maxLength&apos;: 20, &apos;type&apos;: &apos;string&apos;}, ...}.get
 +      where {&apos;agent_id&apos;: {&apos;type&apos;: &apos;number&apos;}, &apos;date&apos;: {&apos;type&apos;: &apos;datetime-only&apos;}, &apos;event_id&apos;: {&apos;type&apos;: &apos;number&apos;}, &apos;level&apos;: {&apos;maxLength&apos;: 20, &apos;type&apos;: &apos;string&apos;}, ...} = &lt;built-in method get of dict object at 0x0402FC08&gt;(&apos;properties&apos;)
 +        where &lt;built-in method get of dict object at 0x0402FC08&gt; = {&apos;discriminator&apos;: &apos;event_id&apos;, &apos;example&apos;: {&apos;agent_id&apos;: 5, &apos;date&apos;: datetime.datetime(2020, 7, 4, 3, 20, 39), &apos;event_id&apos;:...&apos;datetime-only&apos;}, &apos;event_id&apos;: {&apos;type&apos;: &apos;number&apos;}, &apos;level&apos;: {&apos;maxLength&apos;: 20, &apos;type&apos;: &apos;string&apos;}, ...}, &apos;type&apos;: &apos;object&apos;}.get
 +          where {&apos;discriminator&apos;: &apos;event_id&apos;, &apos;example&apos;: {&apos;agent_id&apos;: 5, &apos;date&apos;: datetime.datetime(2020, 7, 4, 3, 20, 39), &apos;event_id&apos;:...&apos;datetime-only&apos;}, &apos;event_id&apos;: {&apos;type&apos;: &apos;number&apos;}, &apos;level&apos;: {&apos;maxLength&apos;: 20, &apos;type&apos;: &apos;string&apos;}, ...}, &apos;type&apos;: &apos;object&apos;} = &lt;built-in method get of dict object at 0x04400898&gt;(&apos;Event&apos;)
 +            where &lt;built-in method get of dict object at 0x04400898&gt; = {&apos;Agent&apos;: {&apos;discriminator&apos;: &apos;agent_id&apos;, &apos;example&apos;: {&apos;address&apos;: &apos;11.22.33.44&apos;, &apos;agent_id&apos;: 1, &apos;environment&apos;: &apos;TesteDoEn...}, &apos;properties&apos;: {&apos;group_id&apos;: {&apos;type&apos;: &apos;number&apos;}, &apos;name&apos;: {&apos;maxLength&apos;: 20, &apos;type&apos;: &apos;string&apos;}}, &apos;type&apos;: &apos;object&apos;}, ...}.get
 +              where {&apos;Agent&apos;: {&apos;discriminator&apos;: &apos;agent_id&apos;, &apos;example&apos;: {&apos;address&apos;: &apos;11.22.33.44&apos;, &apos;agent_id&apos;: 1, &apos;environment&apos;: &apos;TesteDoEn...}, &apos;properties&apos;: {&apos;group_id&apos;: {&apos;type&apos;: &apos;number&apos;}, &apos;name&apos;: {&apos;maxLength&apos;: 20, &apos;type&apos;: &apos;string&apos;}}, &apos;type&apos;: &apos;object&apos;}, ...} = &lt;built-in method get of dict object at 0x03F1F7A8&gt;(&apos;types&apos;)
 +                where &lt;built-in method get of dict object at 0x03F1F7A8&gt; = {&apos;/agents&apos;: {&apos;/{id}&apos;: {&apos;delete&apos;: {&apos;description&apos;: &apos;Deleta um agente&apos;, &apos;responses&apos;: {200: {&apos;body&apos;: {...}}, 204: {&apos;body&apos;:..., 409: {&apos;body&apos;: {&apos;application/json&apos;: &apos;{&quot;error&quot;: &quot;Conflict&quot;}\n&apos;}, &apos;description&apos;: &apos;Esse usuário já existe&apos;}}, ...}}, ...}.get">E   assert None
     +  where None = &lt;built-in method get of dict object at 0x040312A8&gt;(&apos;shelved&apos;)
     +    where &lt;built-in method get of dict object at 0x040312A8&gt; = {&apos;agent_id&apos;: {&apos;type&apos;: &apos;number&apos;}, &apos;date&apos;: {&apos;type&apos;: &apos;datetime-only&apos;}, &apos;event_id&apos;: {&apos;type&apos;: &apos;number&apos;}, &apos;level&apos;: {&apos;maxLength&apos;: 20, &apos;type&apos;: &apos;string&apos;}, ...}.get
     +      where {&apos;agent_id&apos;: {&apos;type&apos;: &apos;number&apos;}, &apos;date&apos;: {&apos;type&apos;: &apos;datetime-only&apos;}, &apos;event_id&apos;: {&apos;type&apos;: &apos;number&apos;}, &apos;level&apos;: {&apos;maxLength&apos;: 20, &apos;type&apos;: &apos;string&apos;}, ...} = &lt;built-in method get of dict object at 0x0402FC08&gt;(&apos;properties&apos;)
     +        where &lt;built-in method get of dict object at 0x0402FC08&gt; = {&apos;discriminator&apos;: &apos;event_id&apos;, &apos;example&apos;: {&apos;agent_id&apos;: 5, &apos;date&apos;: datetime.datetime(2020, 7, 4, 3, 20, 39), &apos;event_id&apos;:...&apos;datetime-only&apos;}, &apos;event_id&apos;: {&apos;type&apos;: &apos;number&apos;}, &apos;level&apos;: {&apos;maxLength&apos;: 20, &apos;type&apos;: &apos;string&apos;}, ...}, &apos;type&apos;: &apos;object&apos;}.get
     +          where {&apos;discriminator&apos;: &apos;event_id&apos;, &apos;example&apos;: {&apos;agent_id&apos;: 5, &apos;date&apos;: datetime.datetime(2020, 7, 4, 3, 20, 39), &apos;event_id&apos;:...&apos;datetime-only&apos;}, &apos;event_id&apos;: {&apos;type&apos;: &apos;number&apos;}, &apos;level&apos;: {&apos;maxLength&apos;: 20, &apos;type&apos;: &apos;string&apos;}, ...}, &apos;type&apos;: &apos;object&apos;} = &lt;built-in method get of dict object at 0x04400898&gt;(&apos;Event&apos;)
     +            where &lt;built-in method get of dict object at 0x04400898&gt; = {&apos;Agent&apos;: {&apos;discriminator&apos;: &apos;agent_id&apos;, &apos;example&apos;: {&apos;address&apos;: &apos;11.22.33.44&apos;, &apos;agent_id&apos;: 1, &apos;environment&apos;: &apos;TesteDoEn...}, &apos;properties&apos;: {&apos;group_id&apos;: {&apos;type&apos;: &apos;number&apos;}, &apos;name&apos;: {&apos;maxLength&apos;: 20, &apos;type&apos;: &apos;string&apos;}}, &apos;type&apos;: &apos;object&apos;}, ...}.get
     +              where {&apos;Agent&apos;: {&apos;discriminator&apos;: &apos;agent_id&apos;, &apos;example&apos;: {&apos;address&apos;: &apos;11.22.33.44&apos;, &apos;agent_id&apos;: 1, &apos;environment&apos;: &apos;TesteDoEn...}, &apos;properties&apos;: {&apos;group_id&apos;: {&apos;type&apos;: &apos;number&apos;}, &apos;name&apos;: {&apos;maxLength&apos;: 20, &apos;type&apos;: &apos;string&apos;}}, &apos;type&apos;: &apos;object&apos;}, ...} = &lt;built-in method get of dict object at 0x03F1F7A8&gt;(&apos;types&apos;)
     +                where &lt;built-in method get of dict object at 0x03F1F7A8&gt; = {&apos;/agents&apos;: {&apos;/{id}&apos;: {&apos;delete&apos;: {&apos;description&apos;: &apos;Deleta um agente&apos;, &apos;responses&apos;: {200: {&apos;body&apos;: {...}}, 204: {&apos;body&apos;:..., 409: {&apos;body&apos;: {&apos;application/json&apos;: &apos;{&quot;error&quot;: &quot;Conflict&quot;}\n&apos;}, &apos;description&apos;: &apos;Esse usuário já existe&apos;}}, ...}}, ...}.get</failure></testcase><testcase classname="test_submit" file="test_submit.py" line="184" name="test_2480" time="0.012236595153808594"></testcase><testcase classname="test_submit" file="test_submit.py" line="188" name="test_2020" time="0.018640756607055664"></testcase><testcase classname="test_submit" file="test_submit.py" line="192" name="test_2830" time="0.01189279556274414"></testcase><testcase classname="test_submit" file="test_submit.py" line="196" name="test_2765" time="0.010086297988891602"><failure message="assert None
 +  where None = &lt;built-in method get of dict object at 0x04031488&gt;(&apos;data&apos;)
 +    where &lt;built-in method get of dict object at 0x04031488&gt; = {&apos;agent_id&apos;: 5, &apos;date&apos;: datetime.datetime(2020, 7, 4, 3, 20, 39), &apos;event_id&apos;: 4, &apos;level&apos;: &apos;debug&apos;, ...}.get
 +      where {&apos;agent_id&apos;: 5, &apos;date&apos;: datetime.datetime(2020, 7, 4, 3, 20, 39), &apos;event_id&apos;: 4, &apos;level&apos;: &apos;debug&apos;, ...} = &lt;built-in method get of dict object at 0x0402FC08&gt;(&apos;example&apos;)
 +        where &lt;built-in method get of dict object at 0x0402FC08&gt; = {&apos;discriminator&apos;: &apos;event_id&apos;, &apos;example&apos;: {&apos;agent_id&apos;: 5, &apos;date&apos;: datetime.datetime(2020, 7, 4, 3, 20, 39), &apos;event_id&apos;:...&apos;datetime-only&apos;}, &apos;event_id&apos;: {&apos;type&apos;: &apos;number&apos;}, &apos;level&apos;: {&apos;maxLength&apos;: 20, &apos;type&apos;: &apos;string&apos;}, ...}, &apos;type&apos;: &apos;object&apos;}.get
 +          where {&apos;discriminator&apos;: &apos;event_id&apos;, &apos;example&apos;: {&apos;agent_id&apos;: 5, &apos;date&apos;: datetime.datetime(2020, 7, 4, 3, 20, 39), &apos;event_id&apos;:...&apos;datetime-only&apos;}, &apos;event_id&apos;: {&apos;type&apos;: &apos;number&apos;}, &apos;level&apos;: {&apos;maxLength&apos;: 20, &apos;type&apos;: &apos;string&apos;}, ...}, &apos;type&apos;: &apos;object&apos;} = &lt;built-in method get of dict object at 0x04400898&gt;(&apos;Event&apos;)
 +            where &lt;built-in method get of dict object at 0x04400898&gt; = {&apos;Agent&apos;: {&apos;discriminator&apos;: &apos;agent_id&apos;, &apos;example&apos;: {&apos;address&apos;: &apos;11.22.33.44&apos;, &apos;agent_id&apos;: 1, &apos;environment&apos;: &apos;TesteDoEn...}, &apos;properties&apos;: {&apos;group_id&apos;: {&apos;type&apos;: &apos;number&apos;}, &apos;name&apos;: {&apos;maxLength&apos;: 20, &apos;type&apos;: &apos;string&apos;}}, &apos;type&apos;: &apos;object&apos;}, ...}.get
 +              where {&apos;Agent&apos;: {&apos;discriminator&apos;: &apos;agent_id&apos;, &apos;example&apos;: {&apos;address&apos;: &apos;11.22.33.44&apos;, &apos;agent_id&apos;: 1, &apos;environment&apos;: &apos;TesteDoEn...}, &apos;properties&apos;: {&apos;group_id&apos;: {&apos;type&apos;: &apos;number&apos;}, &apos;name&apos;: {&apos;maxLength&apos;: 20, &apos;type&apos;: &apos;string&apos;}}, &apos;type&apos;: &apos;object&apos;}, ...} = &lt;built-in method get of dict object at 0x03F1F7A8&gt;(&apos;types&apos;)
 +                where &lt;built-in method get of dict object at 0x03F1F7A8&gt; = {&apos;/agents&apos;: {&apos;/{id}&apos;: {&apos;delete&apos;: {&apos;description&apos;: &apos;Deleta um agente&apos;, &apos;responses&apos;: {200: {&apos;body&apos;: {...}}, 204: {&apos;body&apos;:..., 409: {&apos;body&apos;: {&apos;application/json&apos;: &apos;{&quot;error&quot;: &quot;Conflict&quot;}\n&apos;}, &apos;description&apos;: &apos;Esse usuário já existe&apos;}}, ...}}, ...}.get">E   assert None
     +  where None = &lt;built-in method get of dict object at 0x04031488&gt;(&apos;data&apos;)
     +    where &lt;built-in method get of dict object at 0x04031488&gt; = {&apos;agent_id&apos;: 5, &apos;date&apos;: datetime.datetime(2020, 7, 4, 3, 20, 39), &apos;event_id&apos;: 4, &apos;level&apos;: &apos;debug&apos;, ...}.get
     +      where {&apos;agent_id&apos;: 5, &apos;date&apos;: datetime.datetime(2020, 7, 4, 3, 20, 39), &apos;event_id&apos;: 4, &apos;level&apos;: &apos;debug&apos;, ...} = &lt;built-in method get of dict object at 0x0402FC08&gt;(&apos;example&apos;)
     +        where &lt;built-in method get of dict object at 0x0402FC08&gt; = {&apos;discriminator&apos;: &apos;event_id&apos;, &apos;example&apos;: {&apos;agent_id&apos;: 5, &apos;date&apos;: datetime.datetime(2020, 7, 4, 3, 20, 39), &apos;event_id&apos;:...&apos;datetime-only&apos;}, &apos;event_id&apos;: {&apos;type&apos;: &apos;number&apos;}, &apos;level&apos;: {&apos;maxLength&apos;: 20, &apos;type&apos;: &apos;string&apos;}, ...}, &apos;type&apos;: &apos;object&apos;}.get
     +          where {&apos;discriminator&apos;: &apos;event_id&apos;, &apos;example&apos;: {&apos;agent_id&apos;: 5, &apos;date&apos;: datetime.datetime(2020, 7, 4, 3, 20, 39), &apos;event_id&apos;:...&apos;datetime-only&apos;}, &apos;event_id&apos;: {&apos;type&apos;: &apos;number&apos;}, &apos;level&apos;: {&apos;maxLength&apos;: 20, &apos;type&apos;: &apos;string&apos;}, ...}, &apos;type&apos;: &apos;object&apos;} = &lt;built-in method get of dict object at 0x04400898&gt;(&apos;Event&apos;)
     +            where &lt;built-in method get of dict object at 0x04400898&gt; = {&apos;Agent&apos;: {&apos;discriminator&apos;: &apos;agent_id&apos;, &apos;example&apos;: {&apos;address&apos;: &apos;11.22.33.44&apos;, &apos;agent_id&apos;: 1, &apos;environment&apos;: &apos;TesteDoEn...}, &apos;properties&apos;: {&apos;group_id&apos;: {&apos;type&apos;: &apos;number&apos;}, &apos;name&apos;: {&apos;maxLength&apos;: 20, &apos;type&apos;: &apos;string&apos;}}, &apos;type&apos;: &apos;object&apos;}, ...}.get
     +              where {&apos;Agent&apos;: {&apos;discriminator&apos;: &apos;agent_id&apos;, &apos;example&apos;: {&apos;address&apos;: &apos;11.22.33.44&apos;, &apos;agent_id&apos;: 1, &apos;environment&apos;: &apos;TesteDoEn...}, &apos;properties&apos;: {&apos;group_id&apos;: {&apos;type&apos;: &apos;number&apos;}, &apos;name&apos;: {&apos;maxLength&apos;: 20, &apos;type&apos;: &apos;string&apos;}}, &apos;type&apos;: &apos;object&apos;}, ...} = &lt;built-in method get of dict object at 0x03F1F7A8&gt;(&apos;types&apos;)
     +                where &lt;built-in method get of dict object at 0x03F1F7A8&gt; = {&apos;/agents&apos;: {&apos;/{id}&apos;: {&apos;delete&apos;: {&apos;description&apos;: &apos;Deleta um agente&apos;, &apos;responses&apos;: {200: {&apos;body&apos;: {...}}, 204: {&apos;body&apos;:..., 409: {&apos;body&apos;: {&apos;application/json&apos;: &apos;{&quot;error&quot;: &quot;Conflict&quot;}\n&apos;}, &apos;description&apos;: &apos;Esse usuário já existe&apos;}}, ...}}, ...}.get</failure></testcase><testcase classname="test_submit" file="test_submit.py" line="200" name="test_2055" time="0.005019426345825195"></testcase><testcase classname="test_submit" file="test_submit.py" line="204" name="test_764" time="0.006015777587890625"></testcase><testcase classname="test_submit" file="test_submit.py" line="208" name="test_1742" time="0.004418611526489258"></testcase><testcase classname="test_submit" file="test_submit.py" line="212" name="test_1643" time="0.018713951110839844"></testcase><testcase classname="test_submit" file="test_submit.py" line="216" name="test_1790" time="0.009475946426391602"></testcase><testcase classname="test_submit" file="test_submit.py" line="224" name="test_2015" time="0.0060367584228515625"></testcase><testcase classname="test_submit" file="test_submit.py" line="228" name="test_1232" time="0.003025531768798828"></testcase><testcase classname="test_submit" file="test_submit.py" line="232" name="test_2845" time="0.016902685165405273"></testcase><testcase classname="test_submit" file="test_submit.py" line="240" name="test_502" time="0.014353513717651367"></testcase><testcase classname="test_submit" file="test_submit.py" line="244" name="test_1325" time="0.006023406982421875"></testcase><testcase classname="test_submit" file="test_submit.py" line="248" name="test_1670" time="0.007086515426635742"></testcase><testcase classname="test_submit" file="test_submit.py" line="252" name="test_1091" time="0.006015777587890625"></testcase><testcase classname="test_submit" file="test_submit.py" line="256" name="test_2455" time="0.0021276473999023438"></testcase><testcase classname="test_submit" file="test_submit.py" line="260" name="test_2975" time="0.014423370361328125"></testcase><testcase classname="test_submit" file="test_submit.py" line="264" name="test_2230" time="0.008446931838989258"></testcase><testcase classname="test_submit" file="test_submit.py" line="272" name="test_2670" time="0.005242109298706055"></testcase><testcase classname="test_submit" file="test_submit.py" line="276" name="test_638" time="0.010016202926635742"></testcase><testcase classname="test_submit" file="test_submit.py" line="280" name="test_1358" time="0.009178876876831055"></testcase><testcase classname="test_submit" file="test_submit.py" line="288" name="test_2365" time="0.01108860969543457"></testcase><testcase classname="test_submit" file="test_submit.py" line="292" name="test_2715" time="0.010573148727416992"><failure message="assert None
 +  where None = &lt;built-in method get of dict object at 0x04031870&gt;(&apos;username&apos;)
 +    where &lt;built-in method get of dict object at 0x04031870&gt; = {&apos;properties&apos;: {&apos;name&apos;: &apos;string&apos;, &apos;password&apos;: &apos;string&apos;}}.get
 +      where {&apos;properties&apos;: {&apos;name&apos;: &apos;string&apos;, &apos;password&apos;: &apos;string&apos;}} = &lt;built-in method get of dict object at 0x040313C0&gt;(&apos;application/json&apos;)
 +        where &lt;built-in method get of dict object at 0x040313C0&gt; = {&apos;application/json&apos;: {&apos;properties&apos;: {&apos;name&apos;: &apos;string&apos;, &apos;password&apos;: &apos;string&apos;}}}.get
 +          where {&apos;application/json&apos;: {&apos;properties&apos;: {&apos;name&apos;: &apos;string&apos;, &apos;password&apos;: &apos;string&apos;}}} = &lt;built-in method get of dict object at 0x0402FB90&gt;(&apos;body&apos;)
 +            where &lt;built-in method get of dict object at 0x0402FB90&gt; = {&apos;body&apos;: {&apos;application/json&apos;: {&apos;properties&apos;: {&apos;name&apos;: &apos;string&apos;, &apos;password&apos;: &apos;string&apos;}}}, &apos;description&apos;: &apos;Criar um toke...s&apos;: {201: {&apos;body&apos;: {&apos;application/json&apos;: &apos;Auth[]&apos;}}, 400: {&apos;body&apos;: {&apos;application/json&apos;: &apos;{&quot;error&quot;: &quot;Bad Request&quot;}\n&apos;}}}}.get
 +              where {&apos;body&apos;: {&apos;application/json&apos;: {&apos;properties&apos;: {&apos;name&apos;: &apos;string&apos;, &apos;password&apos;: &apos;string&apos;}}}, &apos;description&apos;: &apos;Criar um toke...s&apos;: {201: {&apos;body&apos;: {&apos;application/json&apos;: &apos;Auth[]&apos;}}, 400: {&apos;body&apos;: {&apos;application/json&apos;: &apos;{&quot;error&quot;: &quot;Bad Request&quot;}\n&apos;}}}} = &lt;built-in method get of dict object at 0x04024C30&gt;(&apos;post&apos;)
 +                where &lt;built-in method get of dict object at 0x04024C30&gt; = {&apos;post&apos;: {&apos;body&apos;: {&apos;application/json&apos;: {&apos;properties&apos;: {&apos;name&apos;: &apos;string&apos;, &apos;password&apos;: &apos;string&apos;}}}, &apos;description&apos;: &apos;Cria...&apos;: {201: {&apos;body&apos;: {&apos;application/json&apos;: &apos;Auth[]&apos;}}, 400: {&apos;body&apos;: {&apos;application/json&apos;: &apos;{&quot;error&quot;: &quot;Bad Request&quot;}\n&apos;}}}}}.get
 +                  where {&apos;post&apos;: {&apos;body&apos;: {&apos;application/json&apos;: {&apos;properties&apos;: {&apos;name&apos;: &apos;string&apos;, &apos;password&apos;: &apos;string&apos;}}}, &apos;description&apos;: &apos;Cria...&apos;: {201: {&apos;body&apos;: {&apos;application/json&apos;: &apos;Auth[]&apos;}}, 400: {&apos;body&apos;: {&apos;application/json&apos;: &apos;{&quot;error&quot;: &quot;Bad Request&quot;}\n&apos;}}}}} = &lt;built-in method get of dict object at 0x03F1F7A8&gt;(&apos;/auth/token&apos;)
 +                    where &lt;built-in method get of dict object at 0x03F1F7A8&gt; = {&apos;/agents&apos;: {&apos;/{id}&apos;: {&apos;delete&apos;: {&apos;description&apos;: &apos;Deleta um agente&apos;, &apos;responses&apos;: {200: {&apos;body&apos;: {...}}, 204: {&apos;body&apos;:..., 409: {&apos;body&apos;: {&apos;application/json&apos;: &apos;{&quot;error&quot;: &quot;Conflict&quot;}\n&apos;}, &apos;description&apos;: &apos;Esse usuário já existe&apos;}}, ...}}, ...}.get">E   assert None
     +  where None = &lt;built-in method get of dict object at 0x04031870&gt;(&apos;username&apos;)
     +    where &lt;built-in method get of dict object at 0x04031870&gt; = {&apos;properties&apos;: {&apos;name&apos;: &apos;string&apos;, &apos;password&apos;: &apos;string&apos;}}.get
     +      where {&apos;properties&apos;: {&apos;name&apos;: &apos;string&apos;, &apos;password&apos;: &apos;string&apos;}} = &lt;built-in method get of dict object at 0x040313C0&gt;(&apos;application/json&apos;)
     +        where &lt;built-in method get of dict object at 0x040313C0&gt; = {&apos;application/json&apos;: {&apos;properties&apos;: {&apos;name&apos;: &apos;string&apos;, &apos;password&apos;: &apos;string&apos;}}}.get
     +          where {&apos;application/json&apos;: {&apos;properties&apos;: {&apos;name&apos;: &apos;string&apos;, &apos;password&apos;: &apos;string&apos;}}} = &lt;built-in method get of dict object at 0x0402FB90&gt;(&apos;body&apos;)
     +            where &lt;built-in method get of dict object at 0x0402FB90&gt; = {&apos;body&apos;: {&apos;application/json&apos;: {&apos;properties&apos;: {&apos;name&apos;: &apos;string&apos;, &apos;password&apos;: &apos;string&apos;}}}, &apos;description&apos;: &apos;Criar um toke...s&apos;: {201: {&apos;body&apos;: {&apos;application/json&apos;: &apos;Auth[]&apos;}}, 400: {&apos;body&apos;: {&apos;application/json&apos;: &apos;{&quot;error&quot;: &quot;Bad Request&quot;}\n&apos;}}}}.get
     +              where {&apos;body&apos;: {&apos;application/json&apos;: {&apos;properties&apos;: {&apos;name&apos;: &apos;string&apos;, &apos;password&apos;: &apos;string&apos;}}}, &apos;description&apos;: &apos;Criar um toke...s&apos;: {201: {&apos;body&apos;: {&apos;application/json&apos;: &apos;Auth[]&apos;}}, 400: {&apos;body&apos;: {&apos;application/json&apos;: &apos;{&quot;error&quot;: &quot;Bad Request&quot;}\n&apos;}}}} = &lt;built-in method get of dict object at 0x04024C30&gt;(&apos;post&apos;)
     +                where &lt;built-in method get of dict object at 0x04024C30&gt; = {&apos;post&apos;: {&apos;body&apos;: {&apos;application/json&apos;: {&apos;properties&apos;: {&apos;name&apos;: &apos;string&apos;, &apos;password&apos;: &apos;string&apos;}}}, &apos;description&apos;: &apos;Cria...&apos;: {201: {&apos;body&apos;: {&apos;application/json&apos;: &apos;Auth[]&apos;}}, 400: {&apos;body&apos;: {&apos;application/json&apos;: &apos;{&quot;error&quot;: &quot;Bad Request&quot;}\n&apos;}}}}}.get
     +                  where {&apos;post&apos;: {&apos;body&apos;: {&apos;application/json&apos;: {&apos;properties&apos;: {&apos;name&apos;: &apos;string&apos;, &apos;password&apos;: &apos;string&apos;}}}, &apos;description&apos;: &apos;Cria...&apos;: {201: {&apos;body&apos;: {&apos;application/json&apos;: &apos;Auth[]&apos;}}, 400: {&apos;body&apos;: {&apos;application/json&apos;: &apos;{&quot;error&quot;: &quot;Bad Request&quot;}\n&apos;}}}}} = &lt;built-in method get of dict object at 0x03F1F7A8&gt;(&apos;/auth/token&apos;)
     +                    where &lt;built-in method get of dict object at 0x03F1F7A8&gt; = {&apos;/agents&apos;: {&apos;/{id}&apos;: {&apos;delete&apos;: {&apos;description&apos;: &apos;Deleta um agente&apos;, &apos;responses&apos;: {200: {&apos;body&apos;: {...}}, 204: {&apos;body&apos;:..., 409: {&apos;body&apos;: {&apos;application/json&apos;: &apos;{&quot;error&quot;: &quot;Conflict&quot;}\n&apos;}, &apos;description&apos;: &apos;Esse usuário já existe&apos;}}, ...}}, ...}.get</failure></testcase><testcase classname="test_submit" file="test_submit.py" line="300" name="test_1121" time="0.015113592147827148"></testcase><testcase classname="test_submit" file="test_submit.py" line="304" name="test_2105" time="0.00902557373046875"></testcase><testcase classname="test_submit" file="test_submit.py" line="308" name="test_2065" time="0.008981466293334961"></testcase><testcase classname="test_submit" file="test_submit.py" line="312" name="test_2930" time="0.003147602081298828"></testcase><testcase classname="test_submit" file="test_submit.py" line="316" name="test_2925" time="0.009960651397705078"></testcase><testcase classname="test_submit" file="test_submit.py" line="320" name="test_746" time="0.014280557632446289"></testcase><testcase classname="test_submit" file="test_submit.py" line="324" name="test_1442" time="0.006002902984619141"></testcase><testcase classname="test_submit" file="test_submit.py" line="328" name="test_1826" time="0.0120086669921875"></testcase><testcase classname="test_submit" file="test_submit.py" line="332" name="test_1382" time="0.006918907165527344"></testcase><testcase classname="test_submit" file="test_submit.py" line="344" name="test_2290" time="0.0050084590911865234"></testcase><testcase classname="test_submit" file="test_submit.py" line="348" name="test_1055" time="0.0049190521240234375"></testcase><testcase classname="test_submit" file="test_submit.py" line="356" name="test_2030" time="0.0029952526092529297"></testcase><testcase classname="test_submit" file="test_submit.py" line="364" name="test_2200" time="0.005992889404296875"></testcase><testcase classname="test_submit" file="test_submit.py" line="368" name="test_916" time="0.01213216781616211"></testcase><testcase classname="test_submit" file="test_submit.py" line="372" name="test_1409" time="0.01934528350830078"></testcase><testcase classname="test_submit" file="test_submit.py" line="380" name="test_1292" time="0.007245779037475586"></testcase><testcase classname="test_submit" file="test_submit.py" line="384" name="test_2530" time="0.007999181747436523"></testcase><testcase classname="test_submit" file="test_submit.py" line="388" name="test_2140" time="0.005999326705932617"></testcase><testcase classname="test_submit" file="test_submit.py" line="392" name="test_664" time="0.008137702941894531"></testcase><testcase classname="test_submit" file="test_submit.py" line="396" name="test_1313" time="0.007017850875854492"></testcase><testcase classname="test_submit" file="test_submit.py" line="400" name="test_2755" time="0.0030875205993652344"></testcase><testcase classname="test_submit" file="test_submit.py" line="404" name="test_2305" time="0.007311820983886719"></testcase><testcase classname="test_submit" file="test_submit.py" line="412" name="test_2965" time="0.006182432174682617"></testcase><testcase classname="test_submit" file="test_submit.py" line="416" name="test_2060" time="0.008005142211914062"></testcase><testcase classname="test_submit" file="test_submit.py" line="420" name="test_2625" time="0.001928091049194336"></testcase><testcase classname="test_submit" file="test_submit.py" line="424" name="test_1295" time="0.010635137557983398"></testcase><testcase classname="test_submit" file="test_submit.py" line="432" name="test_2555" time="0.008854866027832031"></testcase><testcase classname="test_submit" file="test_submit.py" line="436" name="test_2610" time="0.00723719596862793"></testcase><testcase classname="test_submit" file="test_submit.py" line="444" name="test_2295" time="0.008000373840332031"></testcase><testcase classname="test_submit" file="test_submit.py" line="448" name="test_2800" time="0.009126663208007812"></testcase><testcase classname="test_submit" file="test_submit.py" line="452" name="test_1460" time="0.00626826286315918"></testcase><testcase classname="test_submit" file="test_submit.py" line="456" name="test_2745" time="0.014467239379882812"></testcase><testcase classname="test_submit" file="test_submit.py" line="464" name="test_2990" time="0.004993438720703125"></testcase><testcase classname="test_submit" file="test_submit.py" line="476" name="test_2510" time="0.006032466888427734"></testcase><testcase classname="test_submit" file="test_submit.py" line="480" name="test_934" time="0.009015083312988281"></testcase><testcase classname="test_submit" file="test_submit.py" line="484" name="test_1130" time="0.005997419357299805"></testcase><testcase classname="test_submit" file="test_submit.py" line="492" name="test_2810" time="0.0019931793212890625"></testcase><testcase classname="test_submit" file="test_submit.py" line="500" name="test_2695" time="0.005247831344604492"></testcase><testcase classname="test_submit" file="test_submit.py" line="508" name="test_2645" time="0.029509782791137695"><failure message="assert None
 +  where None = &lt;built-in method get of dict object at 0x04031BE0&gt;(201)
 +    where &lt;built-in method get of dict object at 0x04031BE0&gt; = {&apos;application/json&apos;: &apos;Event[]&apos;}.get
 +      where {&apos;application/json&apos;: &apos;Event[]&apos;} = &lt;built-in method get of dict object at 0x040310C8&gt;(&apos;body&apos;)
 +        where &lt;built-in method get of dict object at 0x040310C8&gt; = {&apos;body&apos;: {&apos;application/json&apos;: &apos;Event[]&apos;}, &apos;description&apos;: &apos;Adiciona um Evento&apos;, &apos;is&apos;: [&apos;dataValidation&apos;], &apos;responses&apos;: ...cation/json&apos;: &apos;{&quot;message&quot;: &quot;Unauthorized&quot;}\n&apos;}}, 404: {&apos;body&apos;: {&apos;application/json&apos;: &apos;{&quot;error&quot;: &quot;Not Found&quot;}\n&apos;}}}, ...}.get
 +          where {&apos;body&apos;: {&apos;application/json&apos;: &apos;Event[]&apos;}, &apos;description&apos;: &apos;Adiciona um Evento&apos;, &apos;is&apos;: [&apos;dataValidation&apos;], &apos;responses&apos;: ...cation/json&apos;: &apos;{&quot;message&quot;: &quot;Unauthorized&quot;}\n&apos;}}, 404: {&apos;body&apos;: {&apos;application/json&apos;: &apos;{&quot;error&quot;: &quot;Not Found&quot;}\n&apos;}}}, ...} = &lt;built-in method get of dict object at 0x0402F190&gt;(&apos;post&apos;)
 +            where &lt;built-in method get of dict object at 0x0402F190&gt; = {&apos;/{id}&apos;: {&apos;delete&apos;: {&apos;description&apos;: &apos;Deleta um evento&apos;, &apos;responses&apos;: {200: {&apos;body&apos;: {&apos;application/json&apos;: &apos;{&quot;message&quot;:...e&quot;: &quot;Unauthorized&quot;}\n&apos;}}, 404: {&apos;body&apos;: {&apos;application/json&apos;: &apos;{&quot;error&quot;: &quot;Not Found&quot;}\n&apos;}}}, &apos;securedBy&apos;: [&apos;JWT&apos;]}, ...}.get
 +              where {&apos;/{id}&apos;: {&apos;delete&apos;: {&apos;description&apos;: &apos;Deleta um evento&apos;, &apos;responses&apos;: {200: {&apos;body&apos;: {&apos;application/json&apos;: &apos;{&quot;message&quot;:...e&quot;: &quot;Unauthorized&quot;}\n&apos;}}, 404: {&apos;body&apos;: {&apos;application/json&apos;: &apos;{&quot;error&quot;: &quot;Not Found&quot;}\n&apos;}}}, &apos;securedBy&apos;: [&apos;JWT&apos;]}, ...} = &lt;built-in method get of dict object at 0x0402FD70&gt;(&apos;/{id}/events&apos;)
 +                where &lt;built-in method get of dict object at 0x0402FD70&gt; = {&apos;/{id}&apos;: {&apos;delete&apos;: {&apos;description&apos;: &apos;Deleta um agente&apos;, &apos;responses&apos;: {200: {&apos;body&apos;: {&apos;application/json&apos;: &apos;{&quot;message&quot;:...iption&apos;: &apos;Pega os agentes.&apos;, &apos;responses&apos;: {200: {&apos;body&apos;: {&apos;application/json&apos;: &apos;Agent[]&apos;}}}, &apos;securedBy&apos;: [&apos;JWT&apos;]}, ...}.get
 +                  where {&apos;/{id}&apos;: {&apos;delete&apos;: {&apos;description&apos;: &apos;Deleta um agente&apos;, &apos;responses&apos;: {200: {&apos;body&apos;: {&apos;application/json&apos;: &apos;{&quot;message&quot;:...iption&apos;: &apos;Pega os agentes.&apos;, &apos;responses&apos;: {200: {&apos;body&apos;: {&apos;application/json&apos;: &apos;Agent[]&apos;}}}, &apos;securedBy&apos;: [&apos;JWT&apos;]}, ...} = &lt;built-in method get of dict object at 0x03F1F7A8&gt;(&apos;/agents&apos;)
 +                    where &lt;built-in method get of dict object at 0x03F1F7A8&gt; = {&apos;/agents&apos;: {&apos;/{id}&apos;: {&apos;delete&apos;: {&apos;description&apos;: &apos;Deleta um agente&apos;, &apos;responses&apos;: {200: {&apos;body&apos;: {...}}, 204: {&apos;body&apos;:..., 409: {&apos;body&apos;: {&apos;application/json&apos;: &apos;{&quot;error&quot;: &quot;Conflict&quot;}\n&apos;}, &apos;description&apos;: &apos;Esse usuário já existe&apos;}}, ...}}, ...}.get">E   assert None
     +  where None = &lt;built-in method get of dict object at 0x04031BE0&gt;(201)
     +    where &lt;built-in method get of dict object at 0x04031BE0&gt; = {&apos;application/json&apos;: &apos;Event[]&apos;}.get
     +      where {&apos;application/json&apos;: &apos;Event[]&apos;} = &lt;built-in method get of dict object at 0x040310C8&gt;(&apos;body&apos;)
     +        where &lt;built-in method get of dict object at 0x040310C8&gt; = {&apos;body&apos;: {&apos;application/json&apos;: &apos;Event[]&apos;}, &apos;description&apos;: &apos;Adiciona um Evento&apos;, &apos;is&apos;: [&apos;dataValidation&apos;], &apos;responses&apos;: ...cation/json&apos;: &apos;{&quot;message&quot;: &quot;Unauthorized&quot;}\n&apos;}}, 404: {&apos;body&apos;: {&apos;application/json&apos;: &apos;{&quot;error&quot;: &quot;Not Found&quot;}\n&apos;}}}, ...}.get
     +          where {&apos;body&apos;: {&apos;application/json&apos;: &apos;Event[]&apos;}, &apos;description&apos;: &apos;Adiciona um Evento&apos;, &apos;is&apos;: [&apos;dataValidation&apos;], &apos;responses&apos;: ...cation/json&apos;: &apos;{&quot;message&quot;: &quot;Unauthorized&quot;}\n&apos;}}, 404: {&apos;body&apos;: {&apos;application/json&apos;: &apos;{&quot;error&quot;: &quot;Not Found&quot;}\n&apos;}}}, ...} = &lt;built-in method get of dict object at 0x0402F190&gt;(&apos;post&apos;)
     +            where &lt;built-in method get of dict object at 0x0402F190&gt; = {&apos;/{id}&apos;: {&apos;delete&apos;: {&apos;description&apos;: &apos;Deleta um evento&apos;, &apos;responses&apos;: {200: {&apos;body&apos;: {&apos;application/json&apos;: &apos;{&quot;message&quot;:...e&quot;: &quot;Unauthorized&quot;}\n&apos;}}, 404: {&apos;body&apos;: {&apos;application/json&apos;: &apos;{&quot;error&quot;: &quot;Not Found&quot;}\n&apos;}}}, &apos;securedBy&apos;: [&apos;JWT&apos;]}, ...}.get
     +              where {&apos;/{id}&apos;: {&apos;delete&apos;: {&apos;description&apos;: &apos;Deleta um evento&apos;, &apos;responses&apos;: {200: {&apos;body&apos;: {&apos;application/json&apos;: &apos;{&quot;message&quot;:...e&quot;: &quot;Unauthorized&quot;}\n&apos;}}, 404: {&apos;body&apos;: {&apos;application/json&apos;: &apos;{&quot;error&quot;: &quot;Not Found&quot;}\n&apos;}}}, &apos;securedBy&apos;: [&apos;JWT&apos;]}, ...} = &lt;built-in method get of dict object at 0x0402FD70&gt;(&apos;/{id}/events&apos;)
     +                where &lt;built-in method get of dict object at 0x0402FD70&gt; = {&apos;/{id}&apos;: {&apos;delete&apos;: {&apos;description&apos;: &apos;Deleta um agente&apos;, &apos;responses&apos;: {200: {&apos;body&apos;: {&apos;application/json&apos;: &apos;{&quot;message&quot;:...iption&apos;: &apos;Pega os agentes.&apos;, &apos;responses&apos;: {200: {&apos;body&apos;: {&apos;application/json&apos;: &apos;Agent[]&apos;}}}, &apos;securedBy&apos;: [&apos;JWT&apos;]}, ...}.get
     +                  where {&apos;/{id}&apos;: {&apos;delete&apos;: {&apos;description&apos;: &apos;Deleta um agente&apos;, &apos;responses&apos;: {200: {&apos;body&apos;: {&apos;application/json&apos;: &apos;{&quot;message&quot;:...iption&apos;: &apos;Pega os agentes.&apos;, &apos;responses&apos;: {200: {&apos;body&apos;: {&apos;application/json&apos;: &apos;Agent[]&apos;}}}, &apos;securedBy&apos;: [&apos;JWT&apos;]}, ...} = &lt;built-in method get of dict object at 0x03F1F7A8&gt;(&apos;/agents&apos;)
     +                    where &lt;built-in method get of dict object at 0x03F1F7A8&gt; = {&apos;/agents&apos;: {&apos;/{id}&apos;: {&apos;delete&apos;: {&apos;description&apos;: &apos;Deleta um agente&apos;, &apos;responses&apos;: {200: {&apos;body&apos;: {...}}, 204: {&apos;body&apos;:..., 409: {&apos;body&apos;: {&apos;application/json&apos;: &apos;{&quot;error&quot;: &quot;Conflict&quot;}\n&apos;}, &apos;description&apos;: &apos;Esse usuário já existe&apos;}}, ...}}, ...}.get</failure></testcase><testcase classname="test_submit" file="test_submit.py" line="512" name="test_2185" time="0.03402590751647949"><failure message="assert None
 +  where None = &lt;built-in method get of dict object at 0x04031BE0&gt;(401)
 +    where &lt;built-in method get of dict object at 0x04031BE0&gt; = {&apos;application/json&apos;: &apos;Event[]&apos;}.get
 +      where {&apos;application/json&apos;: &apos;Event[]&apos;} = &lt;built-in method get of dict object at 0x040310C8&gt;(&apos;body&apos;)
 +        where &lt;built-in method get of dict object at 0x040310C8&gt; = {&apos;body&apos;: {&apos;application/json&apos;: &apos;Event[]&apos;}, &apos;description&apos;: &apos;Adiciona um Evento&apos;, &apos;is&apos;: [&apos;dataValidation&apos;], &apos;responses&apos;: ...cation/json&apos;: &apos;{&quot;message&quot;: &quot;Unauthorized&quot;}\n&apos;}}, 404: {&apos;body&apos;: {&apos;application/json&apos;: &apos;{&quot;error&quot;: &quot;Not Found&quot;}\n&apos;}}}, ...}.get
 +          where {&apos;body&apos;: {&apos;application/json&apos;: &apos;Event[]&apos;}, &apos;description&apos;: &apos;Adiciona um Evento&apos;, &apos;is&apos;: [&apos;dataValidation&apos;], &apos;responses&apos;: ...cation/json&apos;: &apos;{&quot;message&quot;: &quot;Unauthorized&quot;}\n&apos;}}, 404: {&apos;body&apos;: {&apos;application/json&apos;: &apos;{&quot;error&quot;: &quot;Not Found&quot;}\n&apos;}}}, ...} = &lt;built-in method get of dict object at 0x0402F190&gt;(&apos;post&apos;)
 +            where &lt;built-in method get of dict object at 0x0402F190&gt; = {&apos;/{id}&apos;: {&apos;delete&apos;: {&apos;description&apos;: &apos;Deleta um evento&apos;, &apos;responses&apos;: {200: {&apos;body&apos;: {&apos;application/json&apos;: &apos;{&quot;message&quot;:...e&quot;: &quot;Unauthorized&quot;}\n&apos;}}, 404: {&apos;body&apos;: {&apos;application/json&apos;: &apos;{&quot;error&quot;: &quot;Not Found&quot;}\n&apos;}}}, &apos;securedBy&apos;: [&apos;JWT&apos;]}, ...}.get
 +              where {&apos;/{id}&apos;: {&apos;delete&apos;: {&apos;description&apos;: &apos;Deleta um evento&apos;, &apos;responses&apos;: {200: {&apos;body&apos;: {&apos;application/json&apos;: &apos;{&quot;message&quot;:...e&quot;: &quot;Unauthorized&quot;}\n&apos;}}, 404: {&apos;body&apos;: {&apos;application/json&apos;: &apos;{&quot;error&quot;: &quot;Not Found&quot;}\n&apos;}}}, &apos;securedBy&apos;: [&apos;JWT&apos;]}, ...} = &lt;built-in method get of dict object at 0x0402FD70&gt;(&apos;/{id}/events&apos;)
 +                where &lt;built-in method get of dict object at 0x0402FD70&gt; = {&apos;/{id}&apos;: {&apos;delete&apos;: {&apos;description&apos;: &apos;Deleta um agente&apos;, &apos;responses&apos;: {200: {&apos;body&apos;: {&apos;application/json&apos;: &apos;{&quot;message&quot;:...iption&apos;: &apos;Pega os agentes.&apos;, &apos;responses&apos;: {200: {&apos;body&apos;: {&apos;application/json&apos;: &apos;Agent[]&apos;}}}, &apos;securedBy&apos;: [&apos;JWT&apos;]}, ...}.get
 +                  where {&apos;/{id}&apos;: {&apos;delete&apos;: {&apos;description&apos;: &apos;Deleta um agente&apos;, &apos;responses&apos;: {200: {&apos;body&apos;: {&apos;application/json&apos;: &apos;{&quot;message&quot;:...iption&apos;: &apos;Pega os agentes.&apos;, &apos;responses&apos;: {200: {&apos;body&apos;: {&apos;application/json&apos;: &apos;Agent[]&apos;}}}, &apos;securedBy&apos;: [&apos;JWT&apos;]}, ...} = &lt;built-in method get of dict object at 0x03F1F7A8&gt;(&apos;/agents&apos;)
 +                    where &lt;built-in method get of dict object at 0x03F1F7A8&gt; = {&apos;/agents&apos;: {&apos;/{id}&apos;: {&apos;delete&apos;: {&apos;description&apos;: &apos;Deleta um agente&apos;, &apos;responses&apos;: {200: {&apos;body&apos;: {...}}, 204: {&apos;body&apos;:..., 409: {&apos;body&apos;: {&apos;application/json&apos;: &apos;{&quot;error&quot;: &quot;Conflict&quot;}\n&apos;}, &apos;description&apos;: &apos;Esse usuário já existe&apos;}}, ...}}, ...}.get">E   assert None
     +  where None = &lt;built-in method get of dict object at 0x04031BE0&gt;(401)
     +    where &lt;built-in method get of dict object at 0x04031BE0&gt; = {&apos;application/json&apos;: &apos;Event[]&apos;}.get
     +      where {&apos;application/json&apos;: &apos;Event[]&apos;} = &lt;built-in method get of dict object at 0x040310C8&gt;(&apos;body&apos;)
     +        where &lt;built-in method get of dict object at 0x040310C8&gt; = {&apos;body&apos;: {&apos;application/json&apos;: &apos;Event[]&apos;}, &apos;description&apos;: &apos;Adiciona um Evento&apos;, &apos;is&apos;: [&apos;dataValidation&apos;], &apos;responses&apos;: ...cation/json&apos;: &apos;{&quot;message&quot;: &quot;Unauthorized&quot;}\n&apos;}}, 404: {&apos;body&apos;: {&apos;application/json&apos;: &apos;{&quot;error&quot;: &quot;Not Found&quot;}\n&apos;}}}, ...}.get
     +          where {&apos;body&apos;: {&apos;application/json&apos;: &apos;Event[]&apos;}, &apos;description&apos;: &apos;Adiciona um Evento&apos;, &apos;is&apos;: [&apos;dataValidation&apos;], &apos;responses&apos;: ...cation/json&apos;: &apos;{&quot;message&quot;: &quot;Unauthorized&quot;}\n&apos;}}, 404: {&apos;body&apos;: {&apos;application/json&apos;: &apos;{&quot;error&quot;: &quot;Not Found&quot;}\n&apos;}}}, ...} = &lt;built-in method get of dict object at 0x0402F190&gt;(&apos;post&apos;)
     +            where &lt;built-in method get of dict object at 0x0402F190&gt; = {&apos;/{id}&apos;: {&apos;delete&apos;: {&apos;description&apos;: &apos;Deleta um evento&apos;, &apos;responses&apos;: {200: {&apos;body&apos;: {&apos;application/json&apos;: &apos;{&quot;message&quot;:...e&quot;: &quot;Unauthorized&quot;}\n&apos;}}, 404: {&apos;body&apos;: {&apos;application/json&apos;: &apos;{&quot;error&quot;: &quot;Not Found&quot;}\n&apos;}}}, &apos;securedBy&apos;: [&apos;JWT&apos;]}, ...}.get
     +              where {&apos;/{id}&apos;: {&apos;delete&apos;: {&apos;description&apos;: &apos;Deleta um evento&apos;, &apos;responses&apos;: {200: {&apos;body&apos;: {&apos;application/json&apos;: &apos;{&quot;message&quot;:...e&quot;: &quot;Unauthorized&quot;}\n&apos;}}, 404: {&apos;body&apos;: {&apos;application/json&apos;: &apos;{&quot;error&quot;: &quot;Not Found&quot;}\n&apos;}}}, &apos;securedBy&apos;: [&apos;JWT&apos;]}, ...} = &lt;built-in method get of dict object at 0x0402FD70&gt;(&apos;/{id}/events&apos;)
     +                where &lt;built-in method get of dict object at 0x0402FD70&gt; = {&apos;/{id}&apos;: {&apos;delete&apos;: {&apos;description&apos;: &apos;Deleta um agente&apos;, &apos;responses&apos;: {200: {&apos;body&apos;: {&apos;application/json&apos;: &apos;{&quot;message&quot;:...iption&apos;: &apos;Pega os agentes.&apos;, &apos;responses&apos;: {200: {&apos;body&apos;: {&apos;application/json&apos;: &apos;Agent[]&apos;}}}, &apos;securedBy&apos;: [&apos;JWT&apos;]}, ...}.get
     +                  where {&apos;/{id}&apos;: {&apos;delete&apos;: {&apos;description&apos;: &apos;Deleta um agente&apos;, &apos;responses&apos;: {200: {&apos;body&apos;: {&apos;application/json&apos;: &apos;{&quot;message&quot;:...iption&apos;: &apos;Pega os agentes.&apos;, &apos;responses&apos;: {200: {&apos;body&apos;: {&apos;application/json&apos;: &apos;Agent[]&apos;}}}, &apos;securedBy&apos;: [&apos;JWT&apos;]}, ...} = &lt;built-in method get of dict object at 0x03F1F7A8&gt;(&apos;/agents&apos;)
     +                    where &lt;built-in method get of dict object at 0x03F1F7A8&gt; = {&apos;/agents&apos;: {&apos;/{id}&apos;: {&apos;delete&apos;: {&apos;description&apos;: &apos;Deleta um agente&apos;, &apos;responses&apos;: {200: {&apos;body&apos;: {...}}, 204: {&apos;body&apos;:..., 409: {&apos;body&apos;: {&apos;application/json&apos;: &apos;{&quot;error&quot;: &quot;Conflict&quot;}\n&apos;}, &apos;description&apos;: &apos;Esse usuário já existe&apos;}}, ...}}, ...}.get</failure></testcase><testcase classname="test_submit" file="test_submit.py" line="516" name="test_2580" time="0.019994497299194336"><failure message="assert None
 +  where None = &lt;built-in method get of dict object at 0x04031BE0&gt;(404)
 +    where &lt;built-in method get of dict object at 0x04031BE0&gt; = {&apos;application/json&apos;: &apos;Event[]&apos;}.get
 +      where {&apos;application/json&apos;: &apos;Event[]&apos;} = &lt;built-in method get of dict object at 0x040310C8&gt;(&apos;body&apos;)
 +        where &lt;built-in method get of dict object at 0x040310C8&gt; = {&apos;body&apos;: {&apos;application/json&apos;: &apos;Event[]&apos;}, &apos;description&apos;: &apos;Adiciona um Evento&apos;, &apos;is&apos;: [&apos;dataValidation&apos;], &apos;responses&apos;: ...cation/json&apos;: &apos;{&quot;message&quot;: &quot;Unauthorized&quot;}\n&apos;}}, 404: {&apos;body&apos;: {&apos;application/json&apos;: &apos;{&quot;error&quot;: &quot;Not Found&quot;}\n&apos;}}}, ...}.get
 +          where {&apos;body&apos;: {&apos;application/json&apos;: &apos;Event[]&apos;}, &apos;description&apos;: &apos;Adiciona um Evento&apos;, &apos;is&apos;: [&apos;dataValidation&apos;], &apos;responses&apos;: ...cation/json&apos;: &apos;{&quot;message&quot;: &quot;Unauthorized&quot;}\n&apos;}}, 404: {&apos;body&apos;: {&apos;application/json&apos;: &apos;{&quot;error&quot;: &quot;Not Found&quot;}\n&apos;}}}, ...} = &lt;built-in method get of dict object at 0x0402F190&gt;(&apos;post&apos;)
 +            where &lt;built-in method get of dict object at 0x0402F190&gt; = {&apos;/{id}&apos;: {&apos;delete&apos;: {&apos;description&apos;: &apos;Deleta um evento&apos;, &apos;responses&apos;: {200: {&apos;body&apos;: {&apos;application/json&apos;: &apos;{&quot;message&quot;:...e&quot;: &quot;Unauthorized&quot;}\n&apos;}}, 404: {&apos;body&apos;: {&apos;application/json&apos;: &apos;{&quot;error&quot;: &quot;Not Found&quot;}\n&apos;}}}, &apos;securedBy&apos;: [&apos;JWT&apos;]}, ...}.get
 +              where {&apos;/{id}&apos;: {&apos;delete&apos;: {&apos;description&apos;: &apos;Deleta um evento&apos;, &apos;responses&apos;: {200: {&apos;body&apos;: {&apos;application/json&apos;: &apos;{&quot;message&quot;:...e&quot;: &quot;Unauthorized&quot;}\n&apos;}}, 404: {&apos;body&apos;: {&apos;application/json&apos;: &apos;{&quot;error&quot;: &quot;Not Found&quot;}\n&apos;}}}, &apos;securedBy&apos;: [&apos;JWT&apos;]}, ...} = &lt;built-in method get of dict object at 0x0402FD70&gt;(&apos;/{id}/events&apos;)
 +                where &lt;built-in method get of dict object at 0x0402FD70&gt; = {&apos;/{id}&apos;: {&apos;delete&apos;: {&apos;description&apos;: &apos;Deleta um agente&apos;, &apos;responses&apos;: {200: {&apos;body&apos;: {&apos;application/json&apos;: &apos;{&quot;message&quot;:...iption&apos;: &apos;Pega os agentes.&apos;, &apos;responses&apos;: {200: {&apos;body&apos;: {&apos;application/json&apos;: &apos;Agent[]&apos;}}}, &apos;securedBy&apos;: [&apos;JWT&apos;]}, ...}.get
 +                  where {&apos;/{id}&apos;: {&apos;delete&apos;: {&apos;description&apos;: &apos;Deleta um agente&apos;, &apos;responses&apos;: {200: {&apos;body&apos;: {&apos;application/json&apos;: &apos;{&quot;message&quot;:...iption&apos;: &apos;Pega os agentes.&apos;, &apos;responses&apos;: {200: {&apos;body&apos;: {&apos;application/json&apos;: &apos;Agent[]&apos;}}}, &apos;securedBy&apos;: [&apos;JWT&apos;]}, ...} = &lt;built-in method get of dict object at 0x03F1F7A8&gt;(&apos;/agents&apos;)
 +                    where &lt;built-in method get of dict object at 0x03F1F7A8&gt; = {&apos;/agents&apos;: {&apos;/{id}&apos;: {&apos;delete&apos;: {&apos;description&apos;: &apos;Deleta um agente&apos;, &apos;responses&apos;: {200: {&apos;body&apos;: {...}}, 204: {&apos;body&apos;:..., 409: {&apos;body&apos;: {&apos;application/json&apos;: &apos;{&quot;error&quot;: &quot;Conflict&quot;}\n&apos;}, &apos;description&apos;: &apos;Esse usuário já existe&apos;}}, ...}}, ...}.get">E   assert None
     +  where None = &lt;built-in method get of dict object at 0x04031BE0&gt;(404)
     +    where &lt;built-in method get of dict object at 0x04031BE0&gt; = {&apos;application/json&apos;: &apos;Event[]&apos;}.get
     +      where {&apos;application/json&apos;: &apos;Event[]&apos;} = &lt;built-in method get of dict object at 0x040310C8&gt;(&apos;body&apos;)
     +        where &lt;built-in method get of dict object at 0x040310C8&gt; = {&apos;body&apos;: {&apos;application/json&apos;: &apos;Event[]&apos;}, &apos;description&apos;: &apos;Adiciona um Evento&apos;, &apos;is&apos;: [&apos;dataValidation&apos;], &apos;responses&apos;: ...cation/json&apos;: &apos;{&quot;message&quot;: &quot;Unauthorized&quot;}\n&apos;}}, 404: {&apos;body&apos;: {&apos;application/json&apos;: &apos;{&quot;error&quot;: &quot;Not Found&quot;}\n&apos;}}}, ...}.get
     +          where {&apos;body&apos;: {&apos;application/json&apos;: &apos;Event[]&apos;}, &apos;description&apos;: &apos;Adiciona um Evento&apos;, &apos;is&apos;: [&apos;dataValidation&apos;], &apos;responses&apos;: ...cation/json&apos;: &apos;{&quot;message&quot;: &quot;Unauthorized&quot;}\n&apos;}}, 404: {&apos;body&apos;: {&apos;application/json&apos;: &apos;{&quot;error&quot;: &quot;Not Found&quot;}\n&apos;}}}, ...} = &lt;built-in method get of dict object at 0x0402F190&gt;(&apos;post&apos;)
     +            where &lt;built-in method get of dict object at 0x0402F190&gt; = {&apos;/{id}&apos;: {&apos;delete&apos;: {&apos;description&apos;: &apos;Deleta um evento&apos;, &apos;responses&apos;: {200: {&apos;body&apos;: {&apos;application/json&apos;: &apos;{&quot;message&quot;:...e&quot;: &quot;Unauthorized&quot;}\n&apos;}}, 404: {&apos;body&apos;: {&apos;application/json&apos;: &apos;{&quot;error&quot;: &quot;Not Found&quot;}\n&apos;}}}, &apos;securedBy&apos;: [&apos;JWT&apos;]}, ...}.get
     +              where {&apos;/{id}&apos;: {&apos;delete&apos;: {&apos;description&apos;: &apos;Deleta um evento&apos;, &apos;responses&apos;: {200: {&apos;body&apos;: {&apos;application/json&apos;: &apos;{&quot;message&quot;:...e&quot;: &quot;Unauthorized&quot;}\n&apos;}}, 404: {&apos;body&apos;: {&apos;application/json&apos;: &apos;{&quot;error&quot;: &quot;Not Found&quot;}\n&apos;}}}, &apos;securedBy&apos;: [&apos;JWT&apos;]}, ...} = &lt;built-in method get of dict object at 0x0402FD70&gt;(&apos;/{id}/events&apos;)
     +                where &lt;built-in method get of dict object at 0x0402FD70&gt; = {&apos;/{id}&apos;: {&apos;delete&apos;: {&apos;description&apos;: &apos;Deleta um agente&apos;, &apos;responses&apos;: {200: {&apos;body&apos;: {&apos;application/json&apos;: &apos;{&quot;message&quot;:...iption&apos;: &apos;Pega os agentes.&apos;, &apos;responses&apos;: {200: {&apos;body&apos;: {&apos;application/json&apos;: &apos;Agent[]&apos;}}}, &apos;securedBy&apos;: [&apos;JWT&apos;]}, ...}.get
     +                  where {&apos;/{id}&apos;: {&apos;delete&apos;: {&apos;description&apos;: &apos;Deleta um agente&apos;, &apos;responses&apos;: {200: {&apos;body&apos;: {&apos;application/json&apos;: &apos;{&quot;message&quot;:...iption&apos;: &apos;Pega os agentes.&apos;, &apos;responses&apos;: {200: {&apos;body&apos;: {&apos;application/json&apos;: &apos;Agent[]&apos;}}}, &apos;securedBy&apos;: [&apos;JWT&apos;]}, ...} = &lt;built-in method get of dict object at 0x03F1F7A8&gt;(&apos;/agents&apos;)
     +                    where &lt;built-in method get of dict object at 0x03F1F7A8&gt; = {&apos;/agents&apos;: {&apos;/{id}&apos;: {&apos;delete&apos;: {&apos;description&apos;: &apos;Deleta um agente&apos;, &apos;responses&apos;: {200: {&apos;body&apos;: {...}}, 204: {&apos;body&apos;:..., 409: {&apos;body&apos;: {&apos;application/json&apos;: &apos;{&quot;error&quot;: &quot;Conflict&quot;}\n&apos;}, &apos;description&apos;: &apos;Esse usuário já existe&apos;}}, ...}}, ...}.get</failure></testcase><testcase classname="test_submit" file="test_submit.py" line="520" name="test_1148" time="0.006517887115478516"></testcase><testcase classname="test_submit" file="test_submit.py" line="524" name="test_2780" time="0.00624394416809082"></testcase><testcase classname="test_submit" file="test_submit.py" line="528" name="test_2805" time="0.014206647872924805"></testcase><testcase classname="test_submit" file="test_submit.py" line="532" name="test_2415" time="0.006140470504760742"></testcase><testcase classname="test_submit" file="test_submit.py" line="536" name="test_2010" time="0.008173227310180664"></testcase><testcase classname="test_submit" file="test_submit.py" line="540" name="test_2545" time="0.009612083435058594"></testcase><testcase classname="test_submit" file="test_submit.py" line="544" name="test_2700" time="0.0072286128997802734"></testcase><testcase classname="test_submit" file="test_submit.py" line="548" name="test_1808" time="0.011064291000366211"></testcase><testcase classname="test_submit" file="test_submit.py" line="552" name="test_2880" time="0.005232334136962891"></testcase><testcase classname="test_submit" file="test_submit.py" line="556" name="test_2595" time="0.012165307998657227"></testcase><testcase classname="test_submit" file="test_submit.py" line="560" name="test_2575" time="0.004146099090576172"></testcase><testcase classname="test_submit" file="test_submit.py" line="568" name="test_2035" time="0.02639150619506836"><failure message="assert None
 +  where None = &lt;built-in method get of dict object at 0x04031550&gt;(200)
 +    where &lt;built-in method get of dict object at 0x04031550&gt; = {&apos;application/json&apos;: &apos;Event[]&apos;}.get
 +      where {&apos;application/json&apos;: &apos;Event[]&apos;} = &lt;built-in method get of dict object at 0x04031230&gt;(&apos;body&apos;)
 +        where &lt;built-in method get of dict object at 0x04031230&gt; = {&apos;body&apos;: {&apos;application/json&apos;: &apos;Event[]&apos;}, &apos;description&apos;: &apos;Atualiza um evento atraves de um agente&apos;, &apos;responses&apos;: {200:...message&quot;: &quot;Unauthorized&quot;}\n&apos;}}, 404: {&apos;body&apos;: {&apos;application/json&apos;: &apos;{&quot;error&quot;: &quot;Not Found&quot;}\n&apos;}}}, &apos;securedBy&apos;: [&apos;JWT&apos;]}.get
 +          where {&apos;body&apos;: {&apos;application/json&apos;: &apos;Event[]&apos;}, &apos;description&apos;: &apos;Atualiza um evento atraves de um agente&apos;, &apos;responses&apos;: {200:...message&quot;: &quot;Unauthorized&quot;}\n&apos;}}, 404: {&apos;body&apos;: {&apos;application/json&apos;: &apos;{&quot;error&quot;: &quot;Not Found&quot;}\n&apos;}}}, &apos;securedBy&apos;: [&apos;JWT&apos;]} = &lt;built-in method get of dict object at 0x0402F190&gt;(&apos;put&apos;)
 +            where &lt;built-in method get of dict object at 0x0402F190&gt; = {&apos;/{id}&apos;: {&apos;delete&apos;: {&apos;description&apos;: &apos;Deleta um evento&apos;, &apos;responses&apos;: {200: {&apos;body&apos;: {&apos;application/json&apos;: &apos;{&quot;message&quot;:...e&quot;: &quot;Unauthorized&quot;}\n&apos;}}, 404: {&apos;body&apos;: {&apos;application/json&apos;: &apos;{&quot;error&quot;: &quot;Not Found&quot;}\n&apos;}}}, &apos;securedBy&apos;: [&apos;JWT&apos;]}, ...}.get
 +              where {&apos;/{id}&apos;: {&apos;delete&apos;: {&apos;description&apos;: &apos;Deleta um evento&apos;, &apos;responses&apos;: {200: {&apos;body&apos;: {&apos;application/json&apos;: &apos;{&quot;message&quot;:...e&quot;: &quot;Unauthorized&quot;}\n&apos;}}, 404: {&apos;body&apos;: {&apos;application/json&apos;: &apos;{&quot;error&quot;: &quot;Not Found&quot;}\n&apos;}}}, &apos;securedBy&apos;: [&apos;JWT&apos;]}, ...} = &lt;built-in method get of dict object at 0x0402FD70&gt;(&apos;/{id}/events&apos;)
 +                where &lt;built-in method get of dict object at 0x0402FD70&gt; = {&apos;/{id}&apos;: {&apos;delete&apos;: {&apos;description&apos;: &apos;Deleta um agente&apos;, &apos;responses&apos;: {200: {&apos;body&apos;: {&apos;application/json&apos;: &apos;{&quot;message&quot;:...iption&apos;: &apos;Pega os agentes.&apos;, &apos;responses&apos;: {200: {&apos;body&apos;: {&apos;application/json&apos;: &apos;Agent[]&apos;}}}, &apos;securedBy&apos;: [&apos;JWT&apos;]}, ...}.get
 +                  where {&apos;/{id}&apos;: {&apos;delete&apos;: {&apos;description&apos;: &apos;Deleta um agente&apos;, &apos;responses&apos;: {200: {&apos;body&apos;: {&apos;application/json&apos;: &apos;{&quot;message&quot;:...iption&apos;: &apos;Pega os agentes.&apos;, &apos;responses&apos;: {200: {&apos;body&apos;: {&apos;application/json&apos;: &apos;Agent[]&apos;}}}, &apos;securedBy&apos;: [&apos;JWT&apos;]}, ...} = &lt;built-in method get of dict object at 0x03F1F7A8&gt;(&apos;/agents&apos;)
 +                    where &lt;built-in method get of dict object at 0x03F1F7A8&gt; = {&apos;/agents&apos;: {&apos;/{id}&apos;: {&apos;delete&apos;: {&apos;description&apos;: &apos;Deleta um agente&apos;, &apos;responses&apos;: {200: {&apos;body&apos;: {...}}, 204: {&apos;body&apos;:..., 409: {&apos;body&apos;: {&apos;application/json&apos;: &apos;{&quot;error&quot;: &quot;Conflict&quot;}\n&apos;}, &apos;description&apos;: &apos;Esse usuário já existe&apos;}}, ...}}, ...}.get">E   assert None
     +  where None = &lt;built-in method get of dict object at 0x04031550&gt;(200)
     +    where &lt;built-in method get of dict object at 0x04031550&gt; = {&apos;application/json&apos;: &apos;Event[]&apos;}.get
     +      where {&apos;application/json&apos;: &apos;Event[]&apos;} = &lt;built-in method get of dict object at 0x04031230&gt;(&apos;body&apos;)
     +        where &lt;built-in method get of dict object at 0x04031230&gt; = {&apos;body&apos;: {&apos;application/json&apos;: &apos;Event[]&apos;}, &apos;description&apos;: &apos;Atualiza um evento atraves de um agente&apos;, &apos;responses&apos;: {200:...message&quot;: &quot;Unauthorized&quot;}\n&apos;}}, 404: {&apos;body&apos;: {&apos;application/json&apos;: &apos;{&quot;error&quot;: &quot;Not Found&quot;}\n&apos;}}}, &apos;securedBy&apos;: [&apos;JWT&apos;]}.get
     +          where {&apos;body&apos;: {&apos;application/json&apos;: &apos;Event[]&apos;}, &apos;description&apos;: &apos;Atualiza um evento atraves de um agente&apos;, &apos;responses&apos;: {200:...message&quot;: &quot;Unauthorized&quot;}\n&apos;}}, 404: {&apos;body&apos;: {&apos;application/json&apos;: &apos;{&quot;error&quot;: &quot;Not Found&quot;}\n&apos;}}}, &apos;securedBy&apos;: [&apos;JWT&apos;]} = &lt;built-in method get of dict object at 0x0402F190&gt;(&apos;put&apos;)
     +            where &lt;built-in method get of dict object at 0x0402F190&gt; = {&apos;/{id}&apos;: {&apos;delete&apos;: {&apos;description&apos;: &apos;Deleta um evento&apos;, &apos;responses&apos;: {200: {&apos;body&apos;: {&apos;application/json&apos;: &apos;{&quot;message&quot;:...e&quot;: &quot;Unauthorized&quot;}\n&apos;}}, 404: {&apos;body&apos;: {&apos;application/json&apos;: &apos;{&quot;error&quot;: &quot;Not Found&quot;}\n&apos;}}}, &apos;securedBy&apos;: [&apos;JWT&apos;]}, ...}.get
     +              where {&apos;/{id}&apos;: {&apos;delete&apos;: {&apos;description&apos;: &apos;Deleta um evento&apos;, &apos;responses&apos;: {200: {&apos;body&apos;: {&apos;application/json&apos;: &apos;{&quot;message&quot;:...e&quot;: &quot;Unauthorized&quot;}\n&apos;}}, 404: {&apos;body&apos;: {&apos;application/json&apos;: &apos;{&quot;error&quot;: &quot;Not Found&quot;}\n&apos;}}}, &apos;securedBy&apos;: [&apos;JWT&apos;]}, ...} = &lt;built-in method get of dict object at 0x0402FD70&gt;(&apos;/{id}/events&apos;)
     +                where &lt;built-in method get of dict object at 0x0402FD70&gt; = {&apos;/{id}&apos;: {&apos;delete&apos;: {&apos;description&apos;: &apos;Deleta um agente&apos;, &apos;responses&apos;: {200: {&apos;body&apos;: {&apos;application/json&apos;: &apos;{&quot;message&quot;:...iption&apos;: &apos;Pega os agentes.&apos;, &apos;responses&apos;: {200: {&apos;body&apos;: {&apos;application/json&apos;: &apos;Agent[]&apos;}}}, &apos;securedBy&apos;: [&apos;JWT&apos;]}, ...}.get
     +                  where {&apos;/{id}&apos;: {&apos;delete&apos;: {&apos;description&apos;: &apos;Deleta um agente&apos;, &apos;responses&apos;: {200: {&apos;body&apos;: {&apos;application/json&apos;: &apos;{&quot;message&quot;:...iption&apos;: &apos;Pega os agentes.&apos;, &apos;responses&apos;: {200: {&apos;body&apos;: {&apos;application/json&apos;: &apos;Agent[]&apos;}}}, &apos;securedBy&apos;: [&apos;JWT&apos;]}, ...} = &lt;built-in method get of dict object at 0x03F1F7A8&gt;(&apos;/agents&apos;)
     +                    where &lt;built-in method get of dict object at 0x03F1F7A8&gt; = {&apos;/agents&apos;: {&apos;/{id}&apos;: {&apos;delete&apos;: {&apos;description&apos;: &apos;Deleta um agente&apos;, &apos;responses&apos;: {200: {&apos;body&apos;: {...}}, 204: {&apos;body&apos;:..., 409: {&apos;body&apos;: {&apos;application/json&apos;: &apos;{&quot;error&quot;: &quot;Conflict&quot;}\n&apos;}, &apos;description&apos;: &apos;Esse usuário já existe&apos;}}, ...}}, ...}.get</failure></testcase><testcase classname="test_submit" file="test_submit.py" line="572" name="test_2855" time="0.019847393035888672"><failure message="assert None
 +  where None = &lt;built-in method get of dict object at 0x04031550&gt;(401)
 +    where &lt;built-in method get of dict object at 0x04031550&gt; = {&apos;application/json&apos;: &apos;Event[]&apos;}.get
 +      where {&apos;application/json&apos;: &apos;Event[]&apos;} = &lt;built-in method get of dict object at 0x04031230&gt;(&apos;body&apos;)
 +        where &lt;built-in method get of dict object at 0x04031230&gt; = {&apos;body&apos;: {&apos;application/json&apos;: &apos;Event[]&apos;}, &apos;description&apos;: &apos;Atualiza um evento atraves de um agente&apos;, &apos;responses&apos;: {200:...message&quot;: &quot;Unauthorized&quot;}\n&apos;}}, 404: {&apos;body&apos;: {&apos;application/json&apos;: &apos;{&quot;error&quot;: &quot;Not Found&quot;}\n&apos;}}}, &apos;securedBy&apos;: [&apos;JWT&apos;]}.get
 +          where {&apos;body&apos;: {&apos;application/json&apos;: &apos;Event[]&apos;}, &apos;description&apos;: &apos;Atualiza um evento atraves de um agente&apos;, &apos;responses&apos;: {200:...message&quot;: &quot;Unauthorized&quot;}\n&apos;}}, 404: {&apos;body&apos;: {&apos;application/json&apos;: &apos;{&quot;error&quot;: &quot;Not Found&quot;}\n&apos;}}}, &apos;securedBy&apos;: [&apos;JWT&apos;]} = &lt;built-in method get of dict object at 0x0402F190&gt;(&apos;put&apos;)
 +            where &lt;built-in method get of dict object at 0x0402F190&gt; = {&apos;/{id}&apos;: {&apos;delete&apos;: {&apos;description&apos;: &apos;Deleta um evento&apos;, &apos;responses&apos;: {200: {&apos;body&apos;: {&apos;application/json&apos;: &apos;{&quot;message&quot;:...e&quot;: &quot;Unauthorized&quot;}\n&apos;}}, 404: {&apos;body&apos;: {&apos;application/json&apos;: &apos;{&quot;error&quot;: &quot;Not Found&quot;}\n&apos;}}}, &apos;securedBy&apos;: [&apos;JWT&apos;]}, ...}.get
 +              where {&apos;/{id}&apos;: {&apos;delete&apos;: {&apos;description&apos;: &apos;Deleta um evento&apos;, &apos;responses&apos;: {200: {&apos;body&apos;: {&apos;application/json&apos;: &apos;{&quot;message&quot;:...e&quot;: &quot;Unauthorized&quot;}\n&apos;}}, 404: {&apos;body&apos;: {&apos;application/json&apos;: &apos;{&quot;error&quot;: &quot;Not Found&quot;}\n&apos;}}}, &apos;securedBy&apos;: [&apos;JWT&apos;]}, ...} = &lt;built-in method get of dict object at 0x0402FD70&gt;(&apos;/{id}/events&apos;)
 +                where &lt;built-in method get of dict object at 0x0402FD70&gt; = {&apos;/{id}&apos;: {&apos;delete&apos;: {&apos;description&apos;: &apos;Deleta um agente&apos;, &apos;responses&apos;: {200: {&apos;body&apos;: {&apos;application/json&apos;: &apos;{&quot;message&quot;:...iption&apos;: &apos;Pega os agentes.&apos;, &apos;responses&apos;: {200: {&apos;body&apos;: {&apos;application/json&apos;: &apos;Agent[]&apos;}}}, &apos;securedBy&apos;: [&apos;JWT&apos;]}, ...}.get
 +                  where {&apos;/{id}&apos;: {&apos;delete&apos;: {&apos;description&apos;: &apos;Deleta um agente&apos;, &apos;responses&apos;: {200: {&apos;body&apos;: {&apos;application/json&apos;: &apos;{&quot;message&quot;:...iption&apos;: &apos;Pega os agentes.&apos;, &apos;responses&apos;: {200: {&apos;body&apos;: {&apos;application/json&apos;: &apos;Agent[]&apos;}}}, &apos;securedBy&apos;: [&apos;JWT&apos;]}, ...} = &lt;built-in method get of dict object at 0x03F1F7A8&gt;(&apos;/agents&apos;)
 +                    where &lt;built-in method get of dict object at 0x03F1F7A8&gt; = {&apos;/agents&apos;: {&apos;/{id}&apos;: {&apos;delete&apos;: {&apos;description&apos;: &apos;Deleta um agente&apos;, &apos;responses&apos;: {200: {&apos;body&apos;: {...}}, 204: {&apos;body&apos;:..., 409: {&apos;body&apos;: {&apos;application/json&apos;: &apos;{&quot;error&quot;: &quot;Conflict&quot;}\n&apos;}, &apos;description&apos;: &apos;Esse usuário já existe&apos;}}, ...}}, ...}.get">E   assert None
     +  where None = &lt;built-in method get of dict object at 0x04031550&gt;(401)
     +    where &lt;built-in method get of dict object at 0x04031550&gt; = {&apos;application/json&apos;: &apos;Event[]&apos;}.get
     +      where {&apos;application/json&apos;: &apos;Event[]&apos;} = &lt;built-in method get of dict object at 0x04031230&gt;(&apos;body&apos;)
     +        where &lt;built-in method get of dict object at 0x04031230&gt; = {&apos;body&apos;: {&apos;application/json&apos;: &apos;Event[]&apos;}, &apos;description&apos;: &apos;Atualiza um evento atraves de um agente&apos;, &apos;responses&apos;: {200:...message&quot;: &quot;Unauthorized&quot;}\n&apos;}}, 404: {&apos;body&apos;: {&apos;application/json&apos;: &apos;{&quot;error&quot;: &quot;Not Found&quot;}\n&apos;}}}, &apos;securedBy&apos;: [&apos;JWT&apos;]}.get
     +          where {&apos;body&apos;: {&apos;application/json&apos;: &apos;Event[]&apos;}, &apos;description&apos;: &apos;Atualiza um evento atraves de um agente&apos;, &apos;responses&apos;: {200:...message&quot;: &quot;Unauthorized&quot;}\n&apos;}}, 404: {&apos;body&apos;: {&apos;application/json&apos;: &apos;{&quot;error&quot;: &quot;Not Found&quot;}\n&apos;}}}, &apos;securedBy&apos;: [&apos;JWT&apos;]} = &lt;built-in method get of dict object at 0x0402F190&gt;(&apos;put&apos;)
     +            where &lt;built-in method get of dict object at 0x0402F190&gt; = {&apos;/{id}&apos;: {&apos;delete&apos;: {&apos;description&apos;: &apos;Deleta um evento&apos;, &apos;responses&apos;: {200: {&apos;body&apos;: {&apos;application/json&apos;: &apos;{&quot;message&quot;:...e&quot;: &quot;Unauthorized&quot;}\n&apos;}}, 404: {&apos;body&apos;: {&apos;application/json&apos;: &apos;{&quot;error&quot;: &quot;Not Found&quot;}\n&apos;}}}, &apos;securedBy&apos;: [&apos;JWT&apos;]}, ...}.get
     +              where {&apos;/{id}&apos;: {&apos;delete&apos;: {&apos;description&apos;: &apos;Deleta um evento&apos;, &apos;responses&apos;: {200: {&apos;body&apos;: {&apos;application/json&apos;: &apos;{&quot;message&quot;:...e&quot;: &quot;Unauthorized&quot;}\n&apos;}}, 404: {&apos;body&apos;: {&apos;application/json&apos;: &apos;{&quot;error&quot;: &quot;Not Found&quot;}\n&apos;}}}, &apos;securedBy&apos;: [&apos;JWT&apos;]}, ...} = &lt;built-in method get of dict object at 0x0402FD70&gt;(&apos;/{id}/events&apos;)
     +                where &lt;built-in method get of dict object at 0x0402FD70&gt; = {&apos;/{id}&apos;: {&apos;delete&apos;: {&apos;description&apos;: &apos;Deleta um agente&apos;, &apos;responses&apos;: {200: {&apos;body&apos;: {&apos;application/json&apos;: &apos;{&quot;message&quot;:...iption&apos;: &apos;Pega os agentes.&apos;, &apos;responses&apos;: {200: {&apos;body&apos;: {&apos;application/json&apos;: &apos;Agent[]&apos;}}}, &apos;securedBy&apos;: [&apos;JWT&apos;]}, ...}.get
     +                  where {&apos;/{id}&apos;: {&apos;delete&apos;: {&apos;description&apos;: &apos;Deleta um agente&apos;, &apos;responses&apos;: {200: {&apos;body&apos;: {&apos;application/json&apos;: &apos;{&quot;message&quot;:...iption&apos;: &apos;Pega os agentes.&apos;, &apos;responses&apos;: {200: {&apos;body&apos;: {&apos;application/json&apos;: &apos;Agent[]&apos;}}}, &apos;securedBy&apos;: [&apos;JWT&apos;]}, ...} = &lt;built-in method get of dict object at 0x03F1F7A8&gt;(&apos;/agents&apos;)
     +                    where &lt;built-in method get of dict object at 0x03F1F7A8&gt; = {&apos;/agents&apos;: {&apos;/{id}&apos;: {&apos;delete&apos;: {&apos;description&apos;: &apos;Deleta um agente&apos;, &apos;responses&apos;: {200: {&apos;body&apos;: {...}}, 204: {&apos;body&apos;:..., 409: {&apos;body&apos;: {&apos;application/json&apos;: &apos;{&quot;error&quot;: &quot;Conflict&quot;}\n&apos;}, &apos;description&apos;: &apos;Esse usuário já existe&apos;}}, ...}}, ...}.get</failure></testcase><testcase classname="test_submit" file="test_submit.py" line="576" name="test_2450" time="0.027894973754882812"><failure message="assert None
 +  where None = &lt;built-in method get of dict object at 0x04031550&gt;(404)
 +    where &lt;built-in method get of dict object at 0x04031550&gt; = {&apos;application/json&apos;: &apos;Event[]&apos;}.get
 +      where {&apos;application/json&apos;: &apos;Event[]&apos;} = &lt;built-in method get of dict object at 0x04031230&gt;(&apos;body&apos;)
 +        where &lt;built-in method get of dict object at 0x04031230&gt; = {&apos;body&apos;: {&apos;application/json&apos;: &apos;Event[]&apos;}, &apos;description&apos;: &apos;Atualiza um evento atraves de um agente&apos;, &apos;responses&apos;: {200:...message&quot;: &quot;Unauthorized&quot;}\n&apos;}}, 404: {&apos;body&apos;: {&apos;application/json&apos;: &apos;{&quot;error&quot;: &quot;Not Found&quot;}\n&apos;}}}, &apos;securedBy&apos;: [&apos;JWT&apos;]}.get
 +          where {&apos;body&apos;: {&apos;application/json&apos;: &apos;Event[]&apos;}, &apos;description&apos;: &apos;Atualiza um evento atraves de um agente&apos;, &apos;responses&apos;: {200:...message&quot;: &quot;Unauthorized&quot;}\n&apos;}}, 404: {&apos;body&apos;: {&apos;application/json&apos;: &apos;{&quot;error&quot;: &quot;Not Found&quot;}\n&apos;}}}, &apos;securedBy&apos;: [&apos;JWT&apos;]} = &lt;built-in method get of dict object at 0x0402F190&gt;(&apos;put&apos;)
 +            where &lt;built-in method get of dict object at 0x0402F190&gt; = {&apos;/{id}&apos;: {&apos;delete&apos;: {&apos;description&apos;: &apos;Deleta um evento&apos;, &apos;responses&apos;: {200: {&apos;body&apos;: {&apos;application/json&apos;: &apos;{&quot;message&quot;:...e&quot;: &quot;Unauthorized&quot;}\n&apos;}}, 404: {&apos;body&apos;: {&apos;application/json&apos;: &apos;{&quot;error&quot;: &quot;Not Found&quot;}\n&apos;}}}, &apos;securedBy&apos;: [&apos;JWT&apos;]}, ...}.get
 +              where {&apos;/{id}&apos;: {&apos;delete&apos;: {&apos;description&apos;: &apos;Deleta um evento&apos;, &apos;responses&apos;: {200: {&apos;body&apos;: {&apos;application/json&apos;: &apos;{&quot;message&quot;:...e&quot;: &quot;Unauthorized&quot;}\n&apos;}}, 404: {&apos;body&apos;: {&apos;application/json&apos;: &apos;{&quot;error&quot;: &quot;Not Found&quot;}\n&apos;}}}, &apos;securedBy&apos;: [&apos;JWT&apos;]}, ...} = &lt;built-in method get of dict object at 0x0402FD70&gt;(&apos;/{id}/events&apos;)
 +                where &lt;built-in method get of dict object at 0x0402FD70&gt; = {&apos;/{id}&apos;: {&apos;delete&apos;: {&apos;description&apos;: &apos;Deleta um agente&apos;, &apos;responses&apos;: {200: {&apos;body&apos;: {&apos;application/json&apos;: &apos;{&quot;message&quot;:...iption&apos;: &apos;Pega os agentes.&apos;, &apos;responses&apos;: {200: {&apos;body&apos;: {&apos;application/json&apos;: &apos;Agent[]&apos;}}}, &apos;securedBy&apos;: [&apos;JWT&apos;]}, ...}.get
 +                  where {&apos;/{id}&apos;: {&apos;delete&apos;: {&apos;description&apos;: &apos;Deleta um agente&apos;, &apos;responses&apos;: {200: {&apos;body&apos;: {&apos;application/json&apos;: &apos;{&quot;message&quot;:...iption&apos;: &apos;Pega os agentes.&apos;, &apos;responses&apos;: {200: {&apos;body&apos;: {&apos;application/json&apos;: &apos;Agent[]&apos;}}}, &apos;securedBy&apos;: [&apos;JWT&apos;]}, ...} = &lt;built-in method get of dict object at 0x03F1F7A8&gt;(&apos;/agents&apos;)
 +                    where &lt;built-in method get of dict object at 0x03F1F7A8&gt; = {&apos;/agents&apos;: {&apos;/{id}&apos;: {&apos;delete&apos;: {&apos;description&apos;: &apos;Deleta um agente&apos;, &apos;responses&apos;: {200: {&apos;body&apos;: {...}}, 204: {&apos;body&apos;:..., 409: {&apos;body&apos;: {&apos;application/json&apos;: &apos;{&quot;error&quot;: &quot;Conflict&quot;}\n&apos;}, &apos;description&apos;: &apos;Esse usuário já existe&apos;}}, ...}}, ...}.get">E   assert None
     +  where None = &lt;built-in method get of dict object at 0x04031550&gt;(404)
     +    where &lt;built-in method get of dict object at 0x04031550&gt; = {&apos;application/json&apos;: &apos;Event[]&apos;}.get
     +      where {&apos;application/json&apos;: &apos;Event[]&apos;} = &lt;built-in method get of dict object at 0x04031230&gt;(&apos;body&apos;)
     +        where &lt;built-in method get of dict object at 0x04031230&gt; = {&apos;body&apos;: {&apos;application/json&apos;: &apos;Event[]&apos;}, &apos;description&apos;: &apos;Atualiza um evento atraves de um agente&apos;, &apos;responses&apos;: {200:...message&quot;: &quot;Unauthorized&quot;}\n&apos;}}, 404: {&apos;body&apos;: {&apos;application/json&apos;: &apos;{&quot;error&quot;: &quot;Not Found&quot;}\n&apos;}}}, &apos;securedBy&apos;: [&apos;JWT&apos;]}.get
     +          where {&apos;body&apos;: {&apos;application/json&apos;: &apos;Event[]&apos;}, &apos;description&apos;: &apos;Atualiza um evento atraves de um agente&apos;, &apos;responses&apos;: {200:...message&quot;: &quot;Unauthorized&quot;}\n&apos;}}, 404: {&apos;body&apos;: {&apos;application/json&apos;: &apos;{&quot;error&quot;: &quot;Not Found&quot;}\n&apos;}}}, &apos;securedBy&apos;: [&apos;JWT&apos;]} = &lt;built-in method get of dict object at 0x0402F190&gt;(&apos;put&apos;)
     +            where &lt;built-in method get of dict object at 0x0402F190&gt; = {&apos;/{id}&apos;: {&apos;delete&apos;: {&apos;description&apos;: &apos;Deleta um evento&apos;, &apos;responses&apos;: {200: {&apos;body&apos;: {&apos;application/json&apos;: &apos;{&quot;message&quot;:...e&quot;: &quot;Unauthorized&quot;}\n&apos;}}, 404: {&apos;body&apos;: {&apos;application/json&apos;: &apos;{&quot;error&quot;: &quot;Not Found&quot;}\n&apos;}}}, &apos;securedBy&apos;: [&apos;JWT&apos;]}, ...}.get
     +              where {&apos;/{id}&apos;: {&apos;delete&apos;: {&apos;description&apos;: &apos;Deleta um evento&apos;, &apos;responses&apos;: {200: {&apos;body&apos;: {&apos;application/json&apos;: &apos;{&quot;message&quot;:...e&quot;: &quot;Unauthorized&quot;}\n&apos;}}, 404: {&apos;body&apos;: {&apos;application/json&apos;: &apos;{&quot;error&quot;: &quot;Not Found&quot;}\n&apos;}}}, &apos;securedBy&apos;: [&apos;JWT&apos;]}, ...} = &lt;built-in method get of dict object at 0x0402FD70&gt;(&apos;/{id}/events&apos;)
     +                where &lt;built-in method get of dict object at 0x0402FD70&gt; = {&apos;/{id}&apos;: {&apos;delete&apos;: {&apos;description&apos;: &apos;Deleta um agente&apos;, &apos;responses&apos;: {200: {&apos;body&apos;: {&apos;application/json&apos;: &apos;{&quot;message&quot;:...iption&apos;: &apos;Pega os agentes.&apos;, &apos;responses&apos;: {200: {&apos;body&apos;: {&apos;application/json&apos;: &apos;Agent[]&apos;}}}, &apos;securedBy&apos;: [&apos;JWT&apos;]}, ...}.get
     +                  where {&apos;/{id}&apos;: {&apos;delete&apos;: {&apos;description&apos;: &apos;Deleta um agente&apos;, &apos;responses&apos;: {200: {&apos;body&apos;: {&apos;application/json&apos;: &apos;{&quot;message&quot;:...iption&apos;: &apos;Pega os agentes.&apos;, &apos;responses&apos;: {200: {&apos;body&apos;: {&apos;application/json&apos;: &apos;Agent[]&apos;}}}, &apos;securedBy&apos;: [&apos;JWT&apos;]}, ...} = &lt;built-in method get of dict object at 0x03F1F7A8&gt;(&apos;/agents&apos;)
[...]
     +          where {&apos;body&apos;: {&apos;application/json&apos;: &apos;Event[]&apos;}, &apos;description&apos;: &apos;Deleta evento&apos;, &apos;responses&apos;: {200: {&apos;body&apos;: {&apos;application/js...message&quot;: &quot;Unauthorized&quot;}\n&apos;}}, 404: {&apos;body&apos;: {&apos;application/json&apos;: &apos;{&quot;error&quot;: &quot;Not Found&quot;}\n&apos;}}}, &apos;securedBy&apos;: [&apos;JWT&apos;]} = &lt;built-in method get of dict object at 0x0402F190&gt;(&apos;delete&apos;)
     +            where &lt;built-in method get of dict object at 0x0402F190&gt; = {&apos;/{id}&apos;: {&apos;delete&apos;: {&apos;description&apos;: &apos;Deleta um evento&apos;, &apos;responses&apos;: {200: {&apos;body&apos;: {&apos;application/json&apos;: &apos;{&quot;message&quot;:...e&quot;: &quot;Unauthorized&quot;}\n&apos;}}, 404: {&apos;body&apos;: {&apos;application/json&apos;: &apos;{&quot;error&quot;: &quot;Not Found&quot;}\n&apos;}}}, &apos;securedBy&apos;: [&apos;JWT&apos;]}, ...}.get
     +              where {&apos;/{id}&apos;: {&apos;delete&apos;: {&apos;description&apos;: &apos;Deleta um evento&apos;, &apos;responses&apos;: {200: {&apos;body&apos;: {&apos;application/json&apos;: &apos;{&quot;message&quot;:...e&quot;: &quot;Unauthorized&quot;}\n&apos;}}, 404: {&apos;body&apos;: {&apos;application/json&apos;: &apos;{&quot;error&quot;: &quot;Not Found&quot;}\n&apos;}}}, &apos;securedBy&apos;: [&apos;JWT&apos;]}, ...} = &lt;built-in method get of dict object at 0x0402FD70&gt;(&apos;/{id}/events&apos;)
     +                where &lt;built-in method get of dict object at 0x0402FD70&gt; = {&apos;/{id}&apos;: {&apos;delete&apos;: {&apos;description&apos;: &apos;Deleta um agente&apos;, &apos;responses&apos;: {200: {&apos;body&apos;: {&apos;application/json&apos;: &apos;{&quot;message&quot;:...iption&apos;: &apos;Pega os agentes.&apos;, &apos;responses&apos;: {200: {&apos;body&apos;: {&apos;application/json&apos;: &apos;Agent[]&apos;}}}, &apos;securedBy&apos;: [&apos;JWT&apos;]}, ...}.get
     +                  where {&apos;/{id}&apos;: {&apos;delete&apos;: {&apos;description&apos;: &apos;Deleta um agente&apos;, &apos;responses&apos;: {200: {&apos;body&apos;: {&apos;application/json&apos;: &apos;{&quot;message&quot;:...iption&apos;: &apos;Pega os agentes.&apos;, &apos;responses&apos;: {200: {&apos;body&apos;: {&apos;application/json&apos;: &apos;Agent[]&apos;}}}, &apos;securedBy&apos;: [&apos;JWT&apos;]}, ...} = &lt;built-in method get of dict object at 0x03F1F7A8&gt;(&apos;/agents&apos;)
     +                    where &lt;built-in method get of dict object at 0x03F1F7A8&gt; = {&apos;/agents&apos;: {&apos;/{id}&apos;: {&apos;delete&apos;: {&apos;description&apos;: &apos;Deleta um agente&apos;, &apos;responses&apos;: {200: {&apos;body&apos;: {...}}, 204: {&apos;body&apos;:..., 409: {&apos;body&apos;: {&apos;application/json&apos;: &apos;{&quot;error&quot;: &quot;Conflict&quot;}\n&apos;}, &apos;description&apos;: &apos;Esse usuário já existe&apos;}}, ...}}, ...}.get</failure></testcase><testcase classname="test_submit" file="test_submit.py" line="604" name="test_2605" time="0.028015851974487305"><failure message="assert None
 +  where None = &lt;built-in method get of dict object at 0x04031A00&gt;(401)
 +    where &lt;built-in method get of dict object at 0x04031A00&gt; = {&apos;application/json&apos;: &apos;Event[]&apos;}.get
 +      where {&apos;application/json&apos;: &apos;Event[]&apos;} = &lt;built-in method get of dict object at 0x04031118&gt;(&apos;body&apos;)
 +        where &lt;built-in method get of dict object at 0x04031118&gt; = {&apos;body&apos;: {&apos;application/json&apos;: &apos;Event[]&apos;}, &apos;description&apos;: &apos;Deleta evento&apos;, &apos;responses&apos;: {200: {&apos;body&apos;: {&apos;application/js...message&quot;: &quot;Unauthorized&quot;}\n&apos;}}, 404: {&apos;body&apos;: {&apos;application/json&apos;: &apos;{&quot;error&quot;: &quot;Not Found&quot;}\n&apos;}}}, &apos;securedBy&apos;: [&apos;JWT&apos;]}.get
 +          where {&apos;body&apos;: {&apos;application/json&apos;: &apos;Event[]&apos;}, &apos;description&apos;: &apos;Deleta evento&apos;, &apos;responses&apos;: {200: {&apos;body&apos;: {&apos;application/js...message&quot;: &quot;Unauthorized&quot;}\n&apos;}}, 404: {&apos;body&apos;: {&apos;application/json&apos;: &apos;{&quot;error&quot;: &quot;Not Found&quot;}\n&apos;}}}, &apos;securedBy&apos;: [&apos;JWT&apos;]} = &lt;built-in method get of dict object at 0x0402F190&gt;(&apos;delete&apos;)
 +            where &lt;built-in method get of dict object at 0x0402F190&gt; = {&apos;/{id}&apos;: {&apos;delete&apos;: {&apos;description&apos;: &apos;Deleta um evento&apos;, &apos;responses&apos;: {200: {&apos;body&apos;: {&apos;application/json&apos;: &apos;{&quot;message&quot;:...e&quot;: &quot;Unauthorized&quot;}\n&apos;}}, 404: {&apos;body&apos;: {&apos;application/json&apos;: &apos;{&quot;error&quot;: &quot;Not Found&quot;}\n&apos;}}}, &apos;securedBy&apos;: [&apos;JWT&apos;]}, ...}.get
 +              where {&apos;/{id}&apos;: {&apos;delete&apos;: {&apos;description&apos;: &apos;Deleta um evento&apos;, &apos;responses&apos;: {200: {&apos;body&apos;: {&apos;application/json&apos;: &apos;{&quot;message&quot;:...e&quot;: &quot;Unauthorized&quot;}\n&apos;}}, 404: {&apos;body&apos;: {&apos;application/json&apos;: &apos;{&quot;error&quot;: &quot;Not Found&quot;}\n&apos;}}}, &apos;securedBy&apos;: [&apos;JWT&apos;]}, ...} = &lt;built-in method get of dict object at 0x0402FD70&gt;(&apos;/{id}/events&apos;)
 +                where &lt;built-in method get of dict object at 0x0402FD70&gt; = {&apos;/{id}&apos;: {&apos;delete&apos;: {&apos;description&apos;: &apos;Deleta um agente&apos;, &apos;responses&apos;: {200: {&apos;body&apos;: {&apos;application/json&apos;: &apos;{&quot;message&quot;:...iption&apos;: &apos;Pega os agentes.&apos;, &apos;responses&apos;: {200: {&apos;body&apos;: {&apos;application/json&apos;: &apos;Agent[]&apos;}}}, &apos;securedBy&apos;: [&apos;JWT&apos;]}, ...}.get
 +                  where {&apos;/{id}&apos;: {&apos;delete&apos;: {&apos;description&apos;: &apos;Deleta um agente&apos;, &apos;responses&apos;: {200: {&apos;body&apos;: {&apos;application/json&apos;: &apos;{&quot;message&quot;:...iption&apos;: &apos;Pega os agentes.&apos;, &apos;responses&apos;: {200: {&apos;body&apos;: {&apos;application/json&apos;: &apos;Agent[]&apos;}}}, &apos;securedBy&apos;: [&apos;JWT&apos;]}, ...} = &lt;built-in method get of dict object at 0x03F1F7A8&gt;(&apos;/agents&apos;)
 +                    where &lt;built-in method get of dict object at 0x03F1F7A8&gt; = {&apos;/agents&apos;: {&apos;/{id}&apos;: {&apos;delete&apos;: {&apos;description&apos;: &apos;Deleta um agente&apos;, &apos;responses&apos;: {200: {&apos;body&apos;: {...}}, 204: {&apos;body&apos;:..., 409: {&apos;body&apos;: {&apos;application/json&apos;: &apos;{&quot;error&quot;: &quot;Conflict&quot;}\n&apos;}, &apos;description&apos;: &apos;Esse usuário já existe&apos;}}, ...}}, ...}.get">E   assert None
     +  where None = &lt;built-in method get of dict object at 0x04031A00&gt;(401)
     +    where &lt;built-in method get of dict object at 0x04031A00&gt; = {&apos;application/json&apos;: &apos;Event[]&apos;}.get
     +      where {&apos;application/json&apos;: &apos;Event[]&apos;} = &lt;built-in method get of dict object at 0x04031118&gt;(&apos;body&apos;)
     +        where &lt;built-in method get of dict object at 0x04031118&gt; = {&apos;body&apos;: {&apos;application/json&apos;: &apos;Event[]&apos;}, &apos;description&apos;: &apos;Deleta evento&apos;, &apos;responses&apos;: {200: {&apos;body&apos;: {&apos;application/js...message&quot;: &quot;Unauthorized&quot;}\n&apos;}}, 404: {&apos;body&apos;: {&apos;application/json&apos;: &apos;{&quot;error&quot;: &quot;Not Found&quot;}\n&apos;}}}, &apos;securedBy&apos;: [&apos;JWT&apos;]}.get
     +          where {&apos;body&apos;: {&apos;application/json&apos;: &apos;Event[]&apos;}, &apos;description&apos;: &apos;Deleta evento&apos;, &apos;responses&apos;: {200: {&apos;body&apos;: {&apos;application/js...message&quot;: &quot;Unauthorized&quot;}\n&apos;}}, 404: {&apos;body&apos;: {&apos;application/json&apos;: &apos;{&quot;error&quot;: &quot;Not Found&quot;}\n&apos;}}}, &apos;securedBy&apos;: [&apos;JWT&apos;]} = &lt;built-in method get of dict object at 0x0402F190&gt;(&apos;delete&apos;)
     +            where &lt;built-in method get of dict object at 0x0402F190&gt; = {&apos;/{id}&apos;: {&apos;delete&apos;: {&apos;description&apos;: &apos;Deleta um evento&apos;, &apos;responses&apos;: {200: {&apos;body&apos;: {&apos;application/json&apos;: &apos;{&quot;message&quot;:...e&quot;: &quot;Unauthorized&quot;}\n&apos;}}, 404: {&apos;body&apos;: {&apos;application/json&apos;: &apos;{&quot;error&quot;: &quot;Not Found&quot;}\n&apos;}}}, &apos;securedBy&apos;: [&apos;JWT&apos;]}, ...}.get
     +              where {&apos;/{id}&apos;: {&apos;delete&apos;: {&apos;description&apos;: &apos;Deleta um evento&apos;, &apos;responses&apos;: {200: {&apos;body&apos;: {&apos;application/json&apos;: &apos;{&quot;message&quot;:...e&quot;: &quot;Unauthorized&quot;}\n&apos;}}, 404: {&apos;body&apos;: {&apos;application/json&apos;: &apos;{&quot;error&quot;: &quot;Not Found&quot;}\n&apos;}}}, &apos;securedBy&apos;: [&apos;JWT&apos;]}, ...} = &lt;built-in method get of dict object at 0x0402FD70&gt;(&apos;/{id}/events&apos;)
     +                where &lt;built-in method get of dict object at 0x0402FD70&gt; = {&apos;/{id}&apos;: {&apos;delete&apos;: {&apos;description&apos;: &apos;Deleta um agente&apos;, &apos;responses&apos;: {200: {&apos;body&apos;: {&apos;application/json&apos;: &apos;{&quot;message&quot;:...iption&apos;: &apos;Pega os agentes.&apos;, &apos;responses&apos;: {200: {&apos;body&apos;: {&apos;application/json&apos;: &apos;Agent[]&apos;}}}, &apos;securedBy&apos;: [&apos;JWT&apos;]}, ...}.get
     +                  where {&apos;/{id}&apos;: {&apos;delete&apos;: {&apos;description&apos;: &apos;Deleta um agente&apos;, &apos;responses&apos;: {200: {&apos;body&apos;: {&apos;application/json&apos;: &apos;{&quot;message&quot;:...iption&apos;: &apos;Pega os agentes.&apos;, &apos;responses&apos;: {200: {&apos;body&apos;: {&apos;application/json&apos;: &apos;Agent[]&apos;}}}, &apos;securedBy&apos;: [&apos;JWT&apos;]}, ...} = &lt;built-in method get of dict object at 0x03F1F7A8&gt;(&apos;/agents&apos;)
     +                    where &lt;built-in method get of dict object at 0x03F1F7A8&gt; = {&apos;/agents&apos;: {&apos;/{id}&apos;: {&apos;delete&apos;: {&apos;description&apos;: &apos;Deleta um agente&apos;, &apos;responses&apos;: {200: {&apos;body&apos;: {...}}, 204: {&apos;body&apos;:..., 409: {&apos;body&apos;: {&apos;application/json&apos;: &apos;{&quot;error&quot;: &quot;Conflict&quot;}\n&apos;}, &apos;description&apos;: &apos;Esse usuário já existe&apos;}}, ...}}, ...}.get</failure></testcase><testcase classname="test_submit" file="test_submit.py" line="612" name="test_486" time="0.018736839294433594"></testcase><testcase classname="test_submit" file="test_submit.py" line="616" name="test_1172" time="0.006018638610839844"></testcase><testcase classname="test_submit" file="test_submit.py" line="624" name="test_1910" time="0.004999399185180664"></testcase><testcase classname="test_submit" file="test_submit.py" line="628" name="test_2440" time="0.007131099700927734"></testcase><testcase classname="test_submit" file="test_submit.py" line="632" name="test_2650" time="0.008600711822509766"></testcase><testcase classname="test_submit" file="test_submit.py" line="636" name="test_1610" time="0.008147716522216797"></testcase><testcase classname="test_submit" file="test_submit.py" line="644" name="test_2025" time="0.016253232955932617"></testcase><testcase classname="test_submit" file="test_submit.py" line="648" name="test_2875" time="0.00690913200378418"></testcase><testcase classname="test_submit" file="test_submit.py" line="652" name="test_2775" time="0.010986328125"></testcase><testcase classname="test_submit" file="test_submit.py" line="656" name="test_62" time="0.0070073604583740234"></testcase><testcase classname="test_submit" file="test_submit.py" line="660" name="test_1160" time="0.008109331130981445"></testcase><testcase classname="test_submit" file="test_submit.py" line="664" name="test_1013" time="0.006033182144165039"></testcase><testcase classname="test_submit" file="test_submit.py" line="672" name="test_2125" time="0.002807140350341797"></testcase><testcase classname="test_submit" file="test_submit.py" line="676" name="test_2740" time="0.015097856521606445"></testcase><testcase classname="test_submit" file="test_submit.py" line="684" name="test_1841" time="0.003938436508178711"></testcase><testcase classname="test_submit" file="test_submit.py" line="688" name="test_2275" time="0.009698152542114258"></testcase><testcase classname="test_submit" file="test_submit.py" line="692" name="test_2520" time="0.006223201751708984"></testcase><testcase classname="test_submit" file="test_submit.py" line="696" name="test_2425" time="0.006089925765991211"></testcase><testcase classname="test_submit" file="test_submit.py" line="700" name="test_2505" time="0.01218104362487793"></testcase><testcase classname="test_submit" file="test_submit.py" line="704" name="test_2115" time="0.004941225051879883"></testcase><testcase classname="test_submit" file="test_submit.py" line="708" name="test_2300" time="0.006011486053466797"></testcase><testcase classname="test_submit" file="test_submit.py" line="712" name="test_1229" time="0.005997657775878906"></testcase><testcase classname="test_submit" file="test_submit.py" line="716" name="test_2350" time="0.006006479263305664"></testcase><testcase classname="test_submit" file="test_submit.py" line="720" name="test_2935" time="0.0020134449005126953"></testcase><testcase classname="test_submit" file="test_submit.py" line="724" name="test_2205" time="0.006999015808105469"></testcase><testcase classname="test_submit" file="test_submit.py" line="732" name="test_2470" time="0.005987405776977539"></testcase><testcase classname="test_submit" file="test_submit.py" line="736" name="test_2940" time="0.002991914749145508"></testcase><testcase classname="test_submit" file="test_submit.py" line="740" name="test_1535" time="0.020275354385375977"></testcase><testcase classname="test_submit" file="test_submit.py" line="748" name="test_2860" time="0.009505510330200195"></testcase><testcase classname="test_submit" file="test_submit.py" line="752" name="test_2310" time="0.0032203197479248047"></testcase><testcase classname="test_submit" file="test_submit.py" line="756" name="test_2335" time="0.008998870849609375"></testcase><testcase classname="test_submit" file="test_submit.py" line="760" name="test_2910" time="0.006976604461669922"></testcase><testcase classname="test_submit" file="test_submit.py" line="764" name="test_2225" time="0.017569780349731445"></testcase><testcase classname="test_submit" file="test_submit.py" line="768" name="test_442" time="0.01131439208984375"></testcase><testcase classname="test_submit" file="test_submit.py" line="772" name="test_1103" time="0.02973484992980957"></testcase><testcase classname="test_submit" file="test_submit.py" line="776" name="test_1676" time="0.008297443389892578"></testcase><testcase classname="test_submit" file="test_submit.py" line="780" name="test_1523" time="0.013372659683227539"></testcase><testcase classname="test_submit" file="test_submit.py" line="784" name="test_2375" time="0.0049932003021240234"></testcase><testcase classname="test_submit" file="test_submit.py" line="788" name="test_2865" time="0.0067708492279052734"></testcase><testcase classname="test_submit" file="test_submit.py" line="792" name="test_2380" time="0.0040781497955322266"></testcase><testcase classname="test_submit" file="test_submit.py" line="796" name="test_1538" time="0.006009340286254883"></testcase><testcase classname="test_submit" file="test_submit.py" line="800" name="test_2705" time="0.0040776729583740234"></testcase><testcase classname="test_submit" file="test_submit.py" line="804" name="test_2145" time="0.00952768325805664"></testcase><testcase classname="test_submit" file="test_submit.py" line="808" name="test_2040" time="0.0051386356353759766"></testcase><testcase classname="test_submit" file="test_submit.py" line="812" name="test_458" time="0.0033092498779296875"></testcase><testcase classname="test_submit" file="test_submit.py" line="816" name="test_1046" time="0.014693975448608398"></testcase><testcase classname="test_submit" file="test_submit.py" line="820" name="test_1457" time="0.001995086669921875"></testcase><testcase classname="test_submit" file="test_submit.py" line="824" name="test_1757" time="0.010762929916381836"></testcase><testcase classname="test_submit" file="test_submit.py" line="828" name="test_2900" time="0.006075143814086914"></testcase><testcase classname="test_submit" file="test_submit.py" line="832" name="test_2710" time="0.008993387222290039"></testcase><testcase classname="test_submit" file="test_submit.py" line="836" name="test_2070" time="0.00999760627746582"></testcase><testcase classname="test_submit" file="test_submit.py" line="840" name="test_2970" time="0.0061550140380859375"></testcase><testcase classname="test_submit" file="test_submit.py" line="844" name="test_80" time="0.00600743293762207"></testcase><testcase classname="test_submit" file="test_submit.py" line="848" name="test_1835" time="0.008234739303588867"></testcase><testcase classname="test_submit" file="test_submit.py" line="852" name="test_2680" time="0.014846563339233398"></testcase><testcase classname="test_submit" file="test_submit.py" line="856" name="test_2565" time="0.003989696502685547"></testcase><testcase classname="test_submit" file="test_submit.py" line="860" name="test_2080" time="0.002135753631591797"></testcase><testcase classname="test_submit" file="test_submit.py" line="864" name="test_2120" time="0.005513191223144531"></testcase><testcase classname="test_submit" file="test_submit.py" line="868" name="test_2250" time="0.022451400756835938"></testcase><testcase classname="test_submit" file="test_submit.py" line="872" name="test_2270" time="0.004422903060913086"></testcase><testcase classname="test_submit" file="test_submit.py" line="876" name="test_1904" time="0.011110782623291016"></testcase><testcase classname="test_submit" file="test_submit.py" line="880" name="test_2130" time="0.007015228271484375"></testcase><testcase classname="test_submit" file="test_submit.py" line="884" name="test_2630" time="0.013360977172851562"></testcase><testcase classname="test_submit" file="test_submit.py" line="888" name="test_2525" time="0.006166696548461914"></testcase><testcase classname="test_submit" file="test_submit.py" line="892" name="test_2405" time="0.010370254516601562"></testcase><testcase classname="test_submit" file="test_submit.py" line="896" name="test_2255" time="0.010231733322143555"></testcase><testcase classname="test_submit" file="test_submit.py" line="900" name="test_1577" time="0.009532928466796875"></testcase><testcase classname="test_submit" file="test_submit.py" line="904" name="test_2090" time="0.020903825759887695"></testcase><testcase classname="test_submit" file="test_submit.py" line="908" name="test_2960" time="0.019842147827148438"></testcase><testcase classname="test_submit" file="test_submit.py" line="912" name="test_2260" time="0.005951642990112305"></testcase></testsuite>