<?xml version="1.0" encoding="utf-8"?><testsuites><testsuite errors="0" failures="0" hostname="DESKTOP-0H504F0" name="pytest" skipped="0" tests="7" time="7.070" timestamp="2020-07-02T00:17:41.963464"><testcase classname="test_submit.TestChallenge10" file="test_submit.py" line="52" name="test_1" time="0.234"></testcase><testcase classname="test_submit.TestChallenge10" file="test_submit.py" line="59" name="test_2" time="0.179"></testcase><testcase classname="test_submit.TestChallenge10" file="test_submit.py" line="63" name="test_3" time="0.182"></testcase><testcase classname="test_submit.TestChallenge10" file="test_submit.py" line="67" name="test_4" time="0.189"></testcase><testcase classname="test_submit.TestChallenge10" file="test_submit.py" line="74" name="test_5" time="0.199"></testcase><testcase classname="test_submit.TestChallenge10" file="test_submit.py" line="82" name="test_6" time="0.332"></testcase><testcase classname="test_submit.TestChallenge10" file="test_submit.py" line="89" name="test_7" time="0.344"></testcase></testsuite></testsuites>