<?xml version="1.0" encoding="utf-8"?><testsuites><testsuite errors="0" failures="0" hostname="DESKTOP-0H504F0" name="pytest" skipped="0" tests="7" time="0.717" timestamp="2020-07-12T13:43:41.131716"><testcase classname="test_submit" file="test_submit.py" line="7" name="test_1" time="0.008"></testcase><testcase classname="test_submit" file="test_submit.py" line="11" name="test_2" time="0.023"></testcase><testcase classname="test_submit" file="test_submit.py" line="15" name="test_3" time="0.008"></testcase><testcase classname="test_submit" file="test_submit.py" line="19" name="test_4" time="0.013"></testcase><testcase classname="test_submit" file="test_submit.py" line="23" name="test_5" time="0.012"></testcase><testcase classname="test_submit" file="test_submit.py" line="27" name="test_6" time="0.010"></testcase><testcase classname="test_submit" file="test_submit.py" line="31" name="test_7" time="0.008"></testcase></testsuite></testsuites>